   1               		.file	"keymap_common.c"
   2               	__SP_H__ = 0x3e
   3               	__SP_L__ = 0x3d
   4               	__SREG__ = 0x3f
   5               	__tmp_reg__ = 0
   6               	__zero_reg__ = 1
   7               		.text
   8               	.Ltext0:
   9               		.cfi_sections	.debug_frame
  10               		.section	.text.action_get_macro,"ax",@progbits
  11               		.weak	action_get_macro
  13               	action_get_macro:
  14               	.LFB112:
  15               		.file 1 "quantum/keymap_common.c"
   1:quantum/keymap_common.c **** /*
   2:quantum/keymap_common.c **** Copyright 2012-2017 Jun Wako <wakojun@gmail.com>
   3:quantum/keymap_common.c **** 
   4:quantum/keymap_common.c **** This program is free software: you can redistribute it and/or modify
   5:quantum/keymap_common.c **** it under the terms of the GNU General Public License as published by
   6:quantum/keymap_common.c **** the Free Software Foundation, either version 2 of the License, or
   7:quantum/keymap_common.c **** (at your option) any later version.
   8:quantum/keymap_common.c **** 
   9:quantum/keymap_common.c **** This program is distributed in the hope that it will be useful,
  10:quantum/keymap_common.c **** but WITHOUT ANY WARRANTY; without even the implied warranty of
  11:quantum/keymap_common.c **** MERCHANTABILITY or FITNESS FOR A PARTICULAR PURPOSE.  See the
  12:quantum/keymap_common.c **** GNU General Public License for more details.
  13:quantum/keymap_common.c **** 
  14:quantum/keymap_common.c **** You should have received a copy of the GNU General Public License
  15:quantum/keymap_common.c **** along with this program.  If not, see <http://www.gnu.org/licenses/>.
  16:quantum/keymap_common.c **** */
  17:quantum/keymap_common.c **** 
  18:quantum/keymap_common.c **** #include "keymap.h"
  19:quantum/keymap_common.c **** #include "report.h"
  20:quantum/keymap_common.c **** #include "keycode.h"
  21:quantum/keymap_common.c **** #include "action_layer.h"
  22:quantum/keymap_common.c **** #if defined(__AVR__)
  23:quantum/keymap_common.c **** #include <util/delay.h>
  24:quantum/keymap_common.c **** #include <stdio.h>
  25:quantum/keymap_common.c **** #endif
  26:quantum/keymap_common.c **** #include "action.h"
  27:quantum/keymap_common.c **** #include "action_macro.h"
  28:quantum/keymap_common.c **** #include "debug.h"
  29:quantum/keymap_common.c **** #include "backlight.h"
  30:quantum/keymap_common.c **** #include "quantum.h"
  31:quantum/keymap_common.c **** 
  32:quantum/keymap_common.c **** #ifdef MIDI_ENABLE
  33:quantum/keymap_common.c **** 	#include "process_midi.h"
  34:quantum/keymap_common.c **** #endif
  35:quantum/keymap_common.c **** 
  36:quantum/keymap_common.c **** extern keymap_config_t keymap_config;
  37:quantum/keymap_common.c **** 
  38:quantum/keymap_common.c **** #include <inttypes.h>
  39:quantum/keymap_common.c **** 
  40:quantum/keymap_common.c **** /* converts key to action */
  41:quantum/keymap_common.c **** action_t action_for_key(uint8_t layer, keypos_t key)
  42:quantum/keymap_common.c **** {
  43:quantum/keymap_common.c ****     // 16bit keycodes - important
  44:quantum/keymap_common.c ****     uint16_t keycode = keymap_key_to_keycode(layer, key);
  45:quantum/keymap_common.c **** 
  46:quantum/keymap_common.c ****     // keycode remapping
  47:quantum/keymap_common.c ****     keycode = keycode_config(keycode);
  48:quantum/keymap_common.c **** 
  49:quantum/keymap_common.c ****     action_t action;
  50:quantum/keymap_common.c ****     uint8_t action_layer, when, mod;
  51:quantum/keymap_common.c **** 
  52:quantum/keymap_common.c ****     switch (keycode) {
  53:quantum/keymap_common.c ****         case KC_FN0 ... KC_FN31:
  54:quantum/keymap_common.c ****             action.code = keymap_function_id_to_action(FN_INDEX(keycode));
  55:quantum/keymap_common.c ****             break;
  56:quantum/keymap_common.c ****         case KC_A ... KC_EXSEL:
  57:quantum/keymap_common.c ****         case KC_LCTRL ... KC_RGUI:
  58:quantum/keymap_common.c ****             action.code = ACTION_KEY(keycode);
  59:quantum/keymap_common.c ****             break;
  60:quantum/keymap_common.c ****         case KC_SYSTEM_POWER ... KC_SYSTEM_WAKE:
  61:quantum/keymap_common.c ****             action.code = ACTION_USAGE_SYSTEM(KEYCODE2SYSTEM(keycode));
  62:quantum/keymap_common.c ****             break;
  63:quantum/keymap_common.c ****         case KC_AUDIO_MUTE ... KC_BRIGHTNESS_DOWN:
  64:quantum/keymap_common.c ****             action.code = ACTION_USAGE_CONSUMER(KEYCODE2CONSUMER(keycode));
  65:quantum/keymap_common.c ****             break;
  66:quantum/keymap_common.c ****         case KC_MS_UP ... KC_MS_ACCEL2:
  67:quantum/keymap_common.c ****             action.code = ACTION_MOUSEKEY(keycode);
  68:quantum/keymap_common.c ****             break;
  69:quantum/keymap_common.c ****         case KC_TRNS:
  70:quantum/keymap_common.c ****             action.code = ACTION_TRANSPARENT;
  71:quantum/keymap_common.c ****             break;
  72:quantum/keymap_common.c ****         case QK_MODS ... QK_MODS_MAX: ;
  73:quantum/keymap_common.c ****             // Has a modifier
  74:quantum/keymap_common.c ****             // Split it up
  75:quantum/keymap_common.c ****             action.code = ACTION_MODS_KEY(keycode >> 8, keycode & 0xFF); // adds modifier to key
  76:quantum/keymap_common.c ****             break;
  77:quantum/keymap_common.c ****         case QK_FUNCTION ... QK_FUNCTION_MAX: ;
  78:quantum/keymap_common.c ****             // Is a shortcut for function action_layer, pull last 12bits
  79:quantum/keymap_common.c ****             // This means we have 4,096 FN macros at our disposal
  80:quantum/keymap_common.c ****             action.code = keymap_function_id_to_action( (int)keycode & 0xFFF );
  81:quantum/keymap_common.c ****             break;
  82:quantum/keymap_common.c ****         case QK_MACRO ... QK_MACRO_MAX:
  83:quantum/keymap_common.c ****             if (keycode & 0x800) // tap macros have upper bit set
  84:quantum/keymap_common.c ****                 action.code = ACTION_MACRO_TAP(keycode & 0xFF);
  85:quantum/keymap_common.c ****             else
  86:quantum/keymap_common.c ****                 action.code = ACTION_MACRO(keycode & 0xFF);
  87:quantum/keymap_common.c ****             break;
  88:quantum/keymap_common.c ****         case QK_LAYER_TAP ... QK_LAYER_TAP_MAX:
  89:quantum/keymap_common.c ****             action.code = ACTION_LAYER_TAP_KEY((keycode >> 0x8) & 0xF, keycode & 0xFF);
  90:quantum/keymap_common.c ****             break;
  91:quantum/keymap_common.c ****         case QK_TO ... QK_TO_MAX: ;
  92:quantum/keymap_common.c ****             // Layer set "GOTO"
  93:quantum/keymap_common.c ****             when = (keycode >> 0x4) & 0x3;
  94:quantum/keymap_common.c ****             action_layer = keycode & 0xF;
  95:quantum/keymap_common.c ****             action.code = ACTION_LAYER_SET(action_layer, when);
  96:quantum/keymap_common.c ****             break;
  97:quantum/keymap_common.c ****         case QK_MOMENTARY ... QK_MOMENTARY_MAX: ;
  98:quantum/keymap_common.c ****             // Momentary action_layer
  99:quantum/keymap_common.c ****             action_layer = keycode & 0xFF;
 100:quantum/keymap_common.c ****             action.code = ACTION_LAYER_MOMENTARY(action_layer);
 101:quantum/keymap_common.c ****             break;
 102:quantum/keymap_common.c ****         case QK_DEF_LAYER ... QK_DEF_LAYER_MAX: ;
 103:quantum/keymap_common.c ****             // Set default action_layer
 104:quantum/keymap_common.c ****             action_layer = keycode & 0xFF;
 105:quantum/keymap_common.c ****             action.code = ACTION_DEFAULT_LAYER_SET(action_layer);
 106:quantum/keymap_common.c ****             break;
 107:quantum/keymap_common.c ****         case QK_TOGGLE_LAYER ... QK_TOGGLE_LAYER_MAX: ;
 108:quantum/keymap_common.c ****             // Set toggle
 109:quantum/keymap_common.c ****             action_layer = keycode & 0xFF;
 110:quantum/keymap_common.c ****             action.code = ACTION_LAYER_TOGGLE(action_layer);
 111:quantum/keymap_common.c ****             break;
 112:quantum/keymap_common.c ****         case QK_ONE_SHOT_LAYER ... QK_ONE_SHOT_LAYER_MAX: ;
 113:quantum/keymap_common.c ****             // OSL(action_layer) - One-shot action_layer
 114:quantum/keymap_common.c ****             action_layer = keycode & 0xFF;
 115:quantum/keymap_common.c ****             action.code = ACTION_LAYER_ONESHOT(action_layer);
 116:quantum/keymap_common.c ****             break;
 117:quantum/keymap_common.c ****         case QK_ONE_SHOT_MOD ... QK_ONE_SHOT_MOD_MAX: ;
 118:quantum/keymap_common.c ****             // OSM(mod) - One-shot mod
 119:quantum/keymap_common.c ****             mod = mod_config(keycode & 0xFF);
 120:quantum/keymap_common.c ****             action.code = ACTION_MODS_ONESHOT(mod);
 121:quantum/keymap_common.c ****             break;
 122:quantum/keymap_common.c ****         case QK_LAYER_TAP_TOGGLE ... QK_LAYER_TAP_TOGGLE_MAX:
 123:quantum/keymap_common.c ****             action.code = ACTION_LAYER_TAP_TOGGLE(keycode & 0xFF);
 124:quantum/keymap_common.c ****             break;
 125:quantum/keymap_common.c ****         case QK_LAYER_MOD ... QK_LAYER_MOD_MAX:
 126:quantum/keymap_common.c ****             mod = mod_config(keycode & 0xF);
 127:quantum/keymap_common.c ****             action_layer = (keycode >> 4) & 0xF;
 128:quantum/keymap_common.c ****             action.code = ACTION_LAYER_MODS(action_layer, mod);
 129:quantum/keymap_common.c ****             break;
 130:quantum/keymap_common.c ****         case QK_MOD_TAP ... QK_MOD_TAP_MAX:
 131:quantum/keymap_common.c ****             mod = mod_config((keycode >> 0x8) & 0x1F);
 132:quantum/keymap_common.c ****             action.code = ACTION_MODS_TAP_KEY(mod, keycode & 0xFF);
 133:quantum/keymap_common.c ****             break;
 134:quantum/keymap_common.c ****     #ifdef BACKLIGHT_ENABLE
 135:quantum/keymap_common.c ****         case BL_ON:
 136:quantum/keymap_common.c ****             action.code = ACTION_BACKLIGHT_ON();
 137:quantum/keymap_common.c ****             break;
 138:quantum/keymap_common.c ****         case BL_OFF:
 139:quantum/keymap_common.c ****             action.code = ACTION_BACKLIGHT_OFF();
 140:quantum/keymap_common.c ****             break;
 141:quantum/keymap_common.c ****         case BL_DEC:
 142:quantum/keymap_common.c ****             action.code = ACTION_BACKLIGHT_DECREASE();
 143:quantum/keymap_common.c ****             break;
 144:quantum/keymap_common.c ****         case BL_INC:
 145:quantum/keymap_common.c ****             action.code = ACTION_BACKLIGHT_INCREASE();
 146:quantum/keymap_common.c ****             break;
 147:quantum/keymap_common.c ****         case BL_TOGG:
 148:quantum/keymap_common.c ****             action.code = ACTION_BACKLIGHT_TOGGLE();
 149:quantum/keymap_common.c ****             break;
 150:quantum/keymap_common.c ****         case BL_STEP:
 151:quantum/keymap_common.c ****             action.code = ACTION_BACKLIGHT_STEP();
 152:quantum/keymap_common.c ****             break;
 153:quantum/keymap_common.c ****     #endif
 154:quantum/keymap_common.c ****     #ifdef SWAP_HANDS_ENABLE
 155:quantum/keymap_common.c ****         case QK_SWAP_HANDS ... QK_SWAP_HANDS_MAX:
 156:quantum/keymap_common.c ****             action.code = ACTION(ACT_SWAP_HANDS, keycode & 0xff);
 157:quantum/keymap_common.c ****             break;
 158:quantum/keymap_common.c ****     #endif
 159:quantum/keymap_common.c **** 
 160:quantum/keymap_common.c ****         default:
 161:quantum/keymap_common.c ****             action.code = ACTION_NO;
 162:quantum/keymap_common.c ****             break;
 163:quantum/keymap_common.c ****     }
 164:quantum/keymap_common.c ****     return action;
 165:quantum/keymap_common.c **** }
 166:quantum/keymap_common.c **** 
 167:quantum/keymap_common.c **** __attribute__ ((weak))
 168:quantum/keymap_common.c **** const uint16_t PROGMEM fn_actions[] = {
 169:quantum/keymap_common.c **** 
 170:quantum/keymap_common.c **** };
 171:quantum/keymap_common.c **** 
 172:quantum/keymap_common.c **** /* Macro */
 173:quantum/keymap_common.c **** __attribute__ ((weak))
 174:quantum/keymap_common.c **** const macro_t *action_get_macro(keyrecord_t *record, uint8_t id, uint8_t opt)
 175:quantum/keymap_common.c **** {
  16               		.loc 1 175 0
  17               		.cfi_startproc
  18               	.LVL0:
  19               	/* prologue: function */
  20               	/* frame size = 0 */
  21               	/* stack size = 0 */
  22               	.L__stack_usage = 0
 176:quantum/keymap_common.c ****     return MACRO_NONE;
 177:quantum/keymap_common.c **** }
  23               		.loc 1 177 0
  24 0000 80E0      		ldi r24,0
  25 0002 90E0      		ldi r25,0
  26               	.LVL1:
  27 0004 0895      		ret
  28               		.cfi_endproc
  29               	.LFE112:
  31               		.section	.text.action_function,"ax",@progbits
  32               		.weak	action_function
  34               	action_function:
  35               	.LFB113:
 178:quantum/keymap_common.c **** 
 179:quantum/keymap_common.c **** /* Function */
 180:quantum/keymap_common.c **** __attribute__ ((weak))
 181:quantum/keymap_common.c **** void action_function(keyrecord_t *record, uint8_t id, uint8_t opt)
 182:quantum/keymap_common.c **** {
  36               		.loc 1 182 0
  37               		.cfi_startproc
  38               	.LVL2:
  39               	/* prologue: function */
  40               	/* frame size = 0 */
  41               	/* stack size = 0 */
  42               	.L__stack_usage = 0
  43 0000 0895      		ret
  44               		.cfi_endproc
  45               	.LFE113:
  47               		.section	.text.keymap_key_to_keycode,"ax",@progbits
  48               		.weak	keymap_key_to_keycode
  50               	keymap_key_to_keycode:
  51               	.LFB114:
 183:quantum/keymap_common.c **** }
 184:quantum/keymap_common.c **** 
 185:quantum/keymap_common.c **** // translates key to keycode
 186:quantum/keymap_common.c **** __attribute__ ((weak))
 187:quantum/keymap_common.c **** uint16_t keymap_key_to_keycode(uint8_t layer, keypos_t key)
 188:quantum/keymap_common.c **** {
  52               		.loc 1 188 0
  53               		.cfi_startproc
  54               	.LVL3:
  55               	/* prologue: function */
  56               	/* frame size = 0 */
  57               	/* stack size = 0 */
  58               	.L__stack_usage = 0
  59               	.LBB2:
 189:quantum/keymap_common.c ****     // Read entire word (16bits)
 190:quantum/keymap_common.c ****     return pgm_read_word(&keymaps[(layer)][(key.row)][(key.col)]);
  60               		.loc 1 190 0
  61 0000 E72F      		mov r30,r23
  62 0002 F0E0      		ldi r31,0
  63 0004 E80F      		add r30,r24
  64 0006 F11D      		adc r31,__zero_reg__
  65 0008 E80F      		add r30,r24
  66 000a F11D      		adc r31,__zero_reg__
  67 000c EE0F      		lsl r30
  68 000e FF1F      		rol r31
  69 0010 EE0F      		lsl r30
  70 0012 FF1F      		rol r31
  71               	.LVL4:
  72 0014 E60F      		add r30,r22
  73 0016 F11D      		adc r31,__zero_reg__
  74 0018 EE0F      		lsl r30
  75 001a FF1F      		rol r31
  76 001c E050      		subi r30,lo8(-(keymaps))
  77 001e F040      		sbci r31,hi8(-(keymaps))
  78               	.LVL5:
  79               	/* #APP */
  80               	 ;  190 "quantum/keymap_common.c" 1
  81 0020 8591      		lpm r24, Z+
  82 0022 9491      		lpm r25, Z
  83               		
  84               	 ;  0 "" 2
  85               	.LVL6:
  86               	/* #NOAPP */
  87               	.LBE2:
 191:quantum/keymap_common.c **** }
  88               		.loc 1 191 0
  89 0024 0895      		ret
  90               		.cfi_endproc
  91               	.LFE114:
  93               		.section	.text.keymap_function_id_to_action,"ax",@progbits
  94               		.weak	keymap_function_id_to_action
  96               	keymap_function_id_to_action:
  97               	.LFB115:
 192:quantum/keymap_common.c **** 
 193:quantum/keymap_common.c **** // translates function id to action
 194:quantum/keymap_common.c **** __attribute__ ((weak))
 195:quantum/keymap_common.c **** uint16_t keymap_function_id_to_action( uint16_t function_id )
 196:quantum/keymap_common.c **** {
  98               		.loc 1 196 0
  99               		.cfi_startproc
 100               	.LVL7:
 101               	/* prologue: function */
 102               	/* frame size = 0 */
 103               	/* stack size = 0 */
 104               	.L__stack_usage = 0
 105               	.LBB3:
 197:quantum/keymap_common.c ****     // The compiler sees the empty (weak) fn_actions and generates a warning
 198:quantum/keymap_common.c ****     // This function should not be called in that case, so the warning is too strict
 199:quantum/keymap_common.c ****     // If this function is called however, the keymap should have overridden fn_actions, and then t
 200:quantum/keymap_common.c ****     // is comparing against the wrong array
 201:quantum/keymap_common.c ****     #pragma GCC diagnostic push
 202:quantum/keymap_common.c ****     #pragma GCC diagnostic ignored "-Warray-bounds"
 203:quantum/keymap_common.c **** 	return pgm_read_word(&fn_actions[function_id]);
 106               		.loc 1 203 0
 107 0000 880F      		lsl r24
 108 0002 991F      		rol r25
 109               	.LVL8:
 110 0004 FC01      		movw r30,r24
 111 0006 E050      		subi r30,lo8(-(fn_actions))
 112 0008 F040      		sbci r31,hi8(-(fn_actions))
 113               	.LVL9:
 114               	/* #APP */
 115               	 ;  203 "quantum/keymap_common.c" 1
 116 000a 8591      		lpm r24, Z+
 117 000c 9491      		lpm r25, Z
 118               		
 119               	 ;  0 "" 2
 120               	.LVL10:
 121               	/* #NOAPP */
 122               	.LBE3:
 204:quantum/keymap_common.c ****     #pragma GCC diagnostic pop
 205:quantum/keymap_common.c **** }
 123               		.loc 1 205 0
 124 000e 0895      		ret
 125               		.cfi_endproc
 126               	.LFE115:
 128               		.section	.text.action_for_key,"ax",@progbits
 129               	.global	action_for_key
 131               	action_for_key:
 132               	.LFB111:
  42:quantum/keymap_common.c ****     // 16bit keycodes - important
 133               		.loc 1 42 0
 134               		.cfi_startproc
 135               	.LVL11:
 136 0000 CF93      		push r28
 137               	.LCFI0:
 138               		.cfi_def_cfa_offset 3
 139               		.cfi_offset 28, -2
 140 0002 DF93      		push r29
 141               	.LCFI1:
 142               		.cfi_def_cfa_offset 4
 143               		.cfi_offset 29, -3
 144               	/* prologue: function */
 145               	/* frame size = 0 */
 146               	/* stack size = 2 */
 147               	.L__stack_usage = 2
  44:quantum/keymap_common.c **** 
 148               		.loc 1 44 0
 149 0004 0E94 0000 		call keymap_key_to_keycode
 150               	.LVL12:
  47:quantum/keymap_common.c **** 
 151               		.loc 1 47 0
 152 0008 0E94 0000 		call keycode_config
 153               	.LVL13:
 154 000c EC01      		movw r28,r24
 155               	.LVL14:
  52:quantum/keymap_common.c ****         case KC_FN0 ... KC_FN31:
 156               		.loc 1 52 0
 157 000e 8115      		cp r24,__zero_reg__
 158 0010 9045      		sbci r25,80
 159 0012 00F0      		brlo .+2
 160 0014 00C0      		rjmp .L7
 161 0016 C115      		cp r28,__zero_reg__
 162 0018 80E4      		ldi r24,64
 163 001a D807      		cpc r29,r24
 164               	.LVL15:
 165 001c 00F0      		brlo .+2
 166 001e 00C0      		rjmp .L8
 167 0020 C83E      		cpi r28,-24
 168 0022 D105      		cpc r29,__zero_reg__
 169 0024 00F4      		brsh .L9
 170 0026 C03E      		cpi r28,-32
 171 0028 D105      		cpc r29,__zero_reg__
 172 002a 00F0      		brlo .+2
 173 002c 00C0      		rjmp .L10
 174 002e C83A      		cpi r28,-88
 175 0030 D105      		cpc r29,__zero_reg__
 176 0032 00F4      		brsh .L11
 177 0034 C53A      		cpi r28,-91
 178 0036 D105      		cpc r29,__zero_reg__
 179 0038 00F0      		brlo .+2
 180 003a 00C0      		rjmp .L12
 181 003c C130      		cpi r28,1
 182 003e D105      		cpc r29,__zero_reg__
 183 0040 01F4      		brne .+2
 184 0042 00C0      		rjmp .L10
 185 0044 00F4      		brsh .+2
 186 0046 00C0      		rjmp .L6
 187 0048 C430      		cpi r28,4
 188 004a D105      		cpc r29,__zero_reg__
 189 004c 00F0      		brlo .+2
 190 004e 00C0      		rjmp .L10
 191 0050 00C0      		rjmp .L6
 192               	.L11:
 193 0052 CF3B      		cpi r28,-65
 194 0054 D105      		cpc r29,__zero_reg__
 195 0056 00F4      		brsh .+2
 196 0058 00C0      		rjmp .L13
 197 005a C03C      		cpi r28,-64
 198 005c D105      		cpc r29,__zero_reg__
 199 005e 00F4      		brsh .+2
 200 0060 00C0      		rjmp .L6
  54:quantum/keymap_common.c ****             break;
 201               		.loc 1 54 0
 202 0062 CE01      		movw r24,r28
 203 0064 805C      		subi r24,-64
 204 0066 9109      		sbc r25,__zero_reg__
 205 0068 00C0      		rjmp .L67
 206               	.L9:
  52:quantum/keymap_common.c ****         case KC_FN0 ... KC_FN31:
 207               		.loc 1 52 0
 208 006a C115      		cp r28,__zero_reg__
 209 006c 90E2      		ldi r25,32
 210 006e D907      		cpc r29,r25
 211 0070 00F4      		brsh .L15
 212 0072 C115      		cp r28,__zero_reg__
 213 0074 21E0      		ldi r18,1
 214 0076 D207      		cpc r29,r18
 215 0078 00F0      		brlo .+2
 216 007a 00C0      		rjmp .L10
 217 007c C03F      		cpi r28,-16
 218 007e D105      		cpc r29,__zero_reg__
 219 0080 00F4      		brsh .+2
 220 0082 00C0      		rjmp .L6
 221               	.LVL16:
  67:quantum/keymap_common.c ****             break;
 222               		.loc 1 67 0
 223 0084 D065      		ori r29,80
 224               	.LVL17:
  68:quantum/keymap_common.c ****         case KC_TRNS:
 225               		.loc 1 68 0
 226 0086 00C0      		rjmp .L10
 227               	.LVL18:
 228               	.L15:
  52:quantum/keymap_common.c ****         case KC_FN0 ... KC_FN31:
 229               		.loc 1 52 0
 230 0088 C115      		cp r28,__zero_reg__
 231 008a 80E3      		ldi r24,48
 232 008c D807      		cpc r29,r24
 233 008e 00F0      		brlo .+2
 234 0090 00C0      		rjmp .L62
  80:quantum/keymap_common.c ****             break;
 235               		.loc 1 80 0
 236 0092 CE01      		movw r24,r28
 237 0094 9F70      		andi r25,15
 238 0096 00C0      		rjmp .L67
 239               	.LVL19:
 240               	.L7:
  52:quantum/keymap_common.c ****         case KC_FN0 ... KC_FN31:
 241               		.loc 1 52 0
 242 0098 C115      		cp r28,__zero_reg__
 243 009a 95E5      		ldi r25,85
 244 009c D907      		cpc r29,r25
 245 009e 00F0      		brlo .+2
 246 00a0 00C0      		rjmp .L19
 247 00a2 C115      		cp r28,__zero_reg__
 248 00a4 24E5      		ldi r18,84
 249 00a6 D207      		cpc r29,r18
 250 00a8 00F0      		brlo .+2
 251 00aa 00C0      		rjmp .L20
 252 00ac C115      		cp r28,__zero_reg__
 253 00ae 82E5      		ldi r24,82
 254 00b0 D807      		cpc r29,r24
 255               	.LVL20:
 256 00b2 00F4      		brsh .L21
 257 00b4 C115      		cp r28,__zero_reg__
 258 00b6 91E5      		ldi r25,81
 259 00b8 D907      		cpc r29,r25
 260 00ba 00F0      		brlo .+2
 261 00bc 00C0      		rjmp .L69
 262               	.LVL21:
  95:quantum/keymap_common.c ****             break;
 263               		.loc 1 95 0
 264 00be CE01      		movw r24,r28
 265 00c0 74E0      		ldi r23,4
 266               		1:
 267 00c2 9695      		lsr r25
 268 00c4 8795      		ror r24
 269 00c6 7A95      		dec r23
 270 00c8 01F4      		brne 1b
 271 00ca 8370      		andi r24,lo8(3)
 272 00cc 9C2F      		mov r25,r28
 273 00ce 9370      		andi r25,lo8(3)
 274 00d0 21E0      		ldi r18,lo8(1)
 275 00d2 30E0      		ldi r19,0
 276 00d4 00C0      		rjmp 2f
 277               		1:
 278 00d6 220F      		lsl r18
 279 00d8 331F      		rol r19
 280               		2:
 281 00da 9A95      		dec r25
 282 00dc 02F4      		brpl 1b
 283 00de 3C68      		ori r19,140
 284 00e0 382B      		or r19,r24
 285 00e2 CF70      		andi r28,lo8(15)
 286               	.LVL22:
 287 00e4 C695      		lsr r28
 288 00e6 C695      		lsr r28
 289 00e8 80E2      		ldi r24,lo8(32)
 290 00ea C89F      		mul r28,r24
 291 00ec E001      		movw r28,r0
 292 00ee 1124      		clr __zero_reg__
 293               	.LVL23:
 294 00f0 C22B      		or r28,r18
 295 00f2 D32B      		or r29,r19
 296               	.LVL24:
  96:quantum/keymap_common.c ****         case QK_MOMENTARY ... QK_MOMENTARY_MAX: ;
 297               		.loc 1 96 0
 298 00f4 00C0      		rjmp .L10
 299               	.LVL25:
 300               	.L21:
 301 00f6 9E01      		movw r18,r28
 302 00f8 2370      		andi r18,3
 303 00fa 3327      		clr r19
 304 00fc 8C2F      		mov r24,r28
 305 00fe 8695      		lsr r24
 306 0100 8695      		lsr r24
  52:quantum/keymap_common.c ****         case KC_FN0 ... KC_FN31:
 307               		.loc 1 52 0
 308 0102 C115      		cp r28,__zero_reg__
 309 0104 D345      		sbci r29,83
 310 0106 00F0      		brlo .+2
 311 0108 00C0      		rjmp .L64
 312               	.LVL26:
 105:quantum/keymap_common.c ****             break;
 313               		.loc 1 105 0
 314 010a C1E0      		ldi r28,lo8(1)
 315 010c D0E0      		ldi r29,0
 316               	.LVL27:
 317 010e 00C0      		rjmp 2f
 318               		1:
 319 0110 CC0F      		lsl r28
 320 0112 DD1F      		rol r29
 321               		2:
 322 0114 2A95      		dec r18
 323 0116 02F4      		brpl 1b
 324 0118 20E2      		ldi r18,lo8(32)
 325 011a 829F      		mul r24,r18
 326 011c C001      		movw r24,r0
 327 011e 1124      		clr __zero_reg__
 328 0120 C82B      		or r28,r24
 329 0122 D92B      		or r29,r25
 330               	.LVL28:
 331 0124 DC68      		ori r29,140
 332               	.LVL29:
 106:quantum/keymap_common.c ****         case QK_TOGGLE_LAYER ... QK_TOGGLE_LAYER_MAX: ;
 333               		.loc 1 106 0
 334 0126 00C0      		rjmp .L10
 335               	.LVL30:
 336               	.L19:
  52:quantum/keymap_common.c ****         case KC_FN0 ... KC_FN31:
 337               		.loc 1 52 0
 338 0128 C115      		cp r28,__zero_reg__
 339 012a 29E5      		ldi r18,89
 340 012c D207      		cpc r29,r18
 341 012e 00F4      		brsh .L26
 342 0130 C115      		cp r28,__zero_reg__
 343 0132 88E5      		ldi r24,88
 344 0134 D807      		cpc r29,r24
 345               	.LVL31:
 346 0136 00F0      		brlo .+2
 347 0138 00C0      		rjmp .L27
 348 013a C115      		cp r28,__zero_reg__
 349 013c 96E5      		ldi r25,86
 350 013e D907      		cpc r29,r25
 351 0140 00F0      		brlo .+2
 352 0142 00C0      		rjmp .L6
 119:quantum/keymap_common.c ****             action.code = ACTION_MODS_ONESHOT(mod);
 353               		.loc 1 119 0
 354 0144 8C2F      		mov r24,r28
 355 0146 0E94 0000 		call mod_config
 356               	.LVL32:
 120:quantum/keymap_common.c ****             break;
 357               		.loc 1 120 0
 358 014a 8F71      		andi r24,lo8(31)
 359               	.LVL33:
 360 014c C82F      		mov r28,r24
 361               	.LVL34:
 362 014e D0E0      		ldi r29,0
 363 0150 DC2F      		mov r29,r28
 364 0152 CC27      		clr r28
 365               	.LVL35:
 366 0154 D062      		ori r29,32
 367               	.LVL36:
 121:quantum/keymap_common.c ****         case QK_LAYER_TAP_TOGGLE ... QK_LAYER_TAP_TOGGLE_MAX:
 368               		.loc 1 121 0
 369 0156 00C0      		rjmp .L10
 370               	.LVL37:
 371               	.L26:
  52:quantum/keymap_common.c ****         case KC_FN0 ... KC_FN31:
 372               		.loc 1 52 0
 373 0158 C115      		cp r28,__zero_reg__
 374 015a 2AE5      		ldi r18,90
 375 015c D207      		cpc r29,r18
 376 015e 00F4      		brsh .+2
 377 0160 00C0      		rjmp .L29
 378 0162 CE01      		movw r24,r28
 379               	.LVL38:
 380 0164 9056      		subi r25,96
 381 0166 8115      		cp r24,__zero_reg__
 382 0168 9042      		sbci r25,32
 383 016a 00F0      		brlo .+2
 384 016c 00C0      		rjmp .L6
 131:quantum/keymap_common.c ****             action.code = ACTION_MODS_TAP_KEY(mod, keycode & 0xFF);
 385               		.loc 1 131 0
 386 016e 8D2F      		mov r24,r29
 387 0170 8F71      		andi r24,lo8(31)
 388 0172 0E94 0000 		call mod_config
 389               	.LVL39:
 390 0176 DD27      		clr r29
 391               	.LVL40:
 392 0178 D062      		ori r29,32
 132:quantum/keymap_common.c ****             break;
 393               		.loc 1 132 0
 394 017a 8F71      		andi r24,lo8(31)
 395               	.LVL41:
 396 017c D82B      		or r29,r24
 397               	.LVL42:
 133:quantum/keymap_common.c ****     #ifdef BACKLIGHT_ENABLE
 398               		.loc 1 133 0
 399 017e 00C0      		rjmp .L10
 400               	.LVL43:
 401               	.L12:
  61:quantum/keymap_common.c ****             break;
 402               		.loc 1 61 0
 403 0180 C53A      		cpi r28,-91
 404 0182 D105      		cpc r29,__zero_reg__
 405 0184 01F4      		brne .+2
 406 0186 00C0      		rjmp .L32
  61:quantum/keymap_common.c ****             break;
 407               		.loc 1 61 0 is_stmt 0 discriminator 1
 408 0188 C63A      		cpi r28,-90
 409 018a D105      		cpc r29,__zero_reg__
 410 018c 01F0      		breq .+2
 411 018e 00C0      		rjmp .L33
 412               	.LVL44:
  61:quantum/keymap_common.c ****             break;
 413               		.loc 1 61 0
 414 0190 C2E8      		ldi r28,lo8(-126)
 415 0192 D0E4      		ldi r29,lo8(64)
 416 0194 00C0      		rjmp .L10
 417               	.LVL45:
 418               	.L13:
  64:quantum/keymap_common.c ****             break;
 419               		.loc 1 64 0 is_stmt 1
 420 0196 C83A      		cpi r28,-88
 421 0198 D105      		cpc r29,__zero_reg__
 422 019a 01F4      		brne .+2
 423 019c 00C0      		rjmp .L34
  64:quantum/keymap_common.c ****             break;
 424               		.loc 1 64 0 is_stmt 0 discriminator 1
 425 019e C93A      		cpi r28,-87
 426 01a0 D105      		cpc r29,__zero_reg__
 427 01a2 01F4      		brne .+2
 428 01a4 00C0      		rjmp .L35
  64:quantum/keymap_common.c ****             break;
 429               		.loc 1 64 0 discriminator 3
 430 01a6 CA3A      		cpi r28,-86
 431 01a8 D105      		cpc r29,__zero_reg__
 432 01aa 01F4      		brne .+2
 433 01ac 00C0      		rjmp .L36
  64:quantum/keymap_common.c ****             break;
 434               		.loc 1 64 0 discriminator 5
 435 01ae CB3A      		cpi r28,-85
 436 01b0 D105      		cpc r29,__zero_reg__
 437 01b2 01F4      		brne .+2
 438 01b4 00C0      		rjmp .L37
  64:quantum/keymap_common.c ****             break;
 439               		.loc 1 64 0 discriminator 7
 440 01b6 CC3A      		cpi r28,-84
 441 01b8 D105      		cpc r29,__zero_reg__
 442 01ba 01F4      		brne .+2
 443 01bc 00C0      		rjmp .L38
  64:quantum/keymap_common.c ****             break;
 444               		.loc 1 64 0 discriminator 9
 445 01be CB3B      		cpi r28,-69
 446 01c0 D105      		cpc r29,__zero_reg__
 447 01c2 01F4      		brne .+2
 448 01c4 00C0      		rjmp .L39
  64:quantum/keymap_common.c ****             break;
 449               		.loc 1 64 0 discriminator 11
 450 01c6 CC3B      		cpi r28,-68
 451 01c8 D105      		cpc r29,__zero_reg__
 452 01ca 01F4      		brne .+2
 453 01cc 00C0      		rjmp .L40
  64:quantum/keymap_common.c ****             break;
 454               		.loc 1 64 0 discriminator 13
 455 01ce CD3A      		cpi r28,-83
 456 01d0 D105      		cpc r29,__zero_reg__
 457 01d2 01F4      		brne .+2
 458 01d4 00C0      		rjmp .L41
  64:quantum/keymap_common.c ****             break;
 459               		.loc 1 64 0 discriminator 15
 460 01d6 C03B      		cpi r28,-80
 461 01d8 D105      		cpc r29,__zero_reg__
 462 01da 01F4      		brne .+2
 463 01dc 00C0      		rjmp .L42
  64:quantum/keymap_common.c ****             break;
 464               		.loc 1 64 0 discriminator 17
 465 01de CE3A      		cpi r28,-82
 466 01e0 D105      		cpc r29,__zero_reg__
 467 01e2 01F4      		brne .+2
 468 01e4 00C0      		rjmp .L43
  64:quantum/keymap_common.c ****             break;
 469               		.loc 1 64 0 discriminator 19
 470 01e6 CF3A      		cpi r28,-81
 471 01e8 D105      		cpc r29,__zero_reg__
 472 01ea 01F4      		brne .+2
 473 01ec 00C0      		rjmp .L44
  64:quantum/keymap_common.c ****             break;
 474               		.loc 1 64 0 discriminator 21
 475 01ee C13B      		cpi r28,-79
 476 01f0 D105      		cpc r29,__zero_reg__
 477 01f2 01F4      		brne .+2
 478 01f4 00C0      		rjmp .L45
  64:quantum/keymap_common.c ****             break;
 479               		.loc 1 64 0 discriminator 23
 480 01f6 C23B      		cpi r28,-78
 481 01f8 D105      		cpc r29,__zero_reg__
 482 01fa 01F4      		brne .+2
 483 01fc 00C0      		rjmp .L46
  64:quantum/keymap_common.c ****             break;
 484               		.loc 1 64 0 discriminator 25
 485 01fe C33B      		cpi r28,-77
 486 0200 D105      		cpc r29,__zero_reg__
 487 0202 01F4      		brne .+2
 488 0204 00C0      		rjmp .L47
  64:quantum/keymap_common.c ****             break;
 489               		.loc 1 64 0 discriminator 27
 490 0206 C43B      		cpi r28,-76
 491 0208 D105      		cpc r29,__zero_reg__
 492 020a 01F4      		brne .+2
 493 020c 00C0      		rjmp .L48
  64:quantum/keymap_common.c ****             break;
 494               		.loc 1 64 0 discriminator 29
 495 020e C53B      		cpi r28,-75
 496 0210 D105      		cpc r29,__zero_reg__
 497 0212 01F4      		brne .+2
 498 0214 00C0      		rjmp .L49
  64:quantum/keymap_common.c ****             break;
 499               		.loc 1 64 0 discriminator 31
 500 0216 C63B      		cpi r28,-74
 501 0218 D105      		cpc r29,__zero_reg__
 502 021a 01F4      		brne .+2
 503 021c 00C0      		rjmp .L50
  64:quantum/keymap_common.c ****             break;
 504               		.loc 1 64 0 discriminator 33
 505 021e C73B      		cpi r28,-73
 506 0220 D105      		cpc r29,__zero_reg__
 507 0222 01F4      		brne .+2
 508 0224 00C0      		rjmp .L51
  64:quantum/keymap_common.c ****             break;
 509               		.loc 1 64 0 discriminator 35
 510 0226 C83B      		cpi r28,-72
 511 0228 D105      		cpc r29,__zero_reg__
 512 022a 01F4      		brne .+2
 513 022c 00C0      		rjmp .L52
  64:quantum/keymap_common.c ****             break;
 514               		.loc 1 64 0 discriminator 37
 515 022e C93B      		cpi r28,-71
 516 0230 D105      		cpc r29,__zero_reg__
 517 0232 01F4      		brne .+2
 518 0234 00C0      		rjmp .L53
  64:quantum/keymap_common.c ****             break;
 519               		.loc 1 64 0 discriminator 39
 520 0236 CD3B      		cpi r28,-67
 521 0238 D105      		cpc r29,__zero_reg__
 522 023a 01F4      		brne .+2
 523 023c 00C0      		rjmp .L54
  64:quantum/keymap_common.c ****             break;
 524               		.loc 1 64 0 discriminator 41
 525 023e CE3B      		cpi r28,-66
 526 0240 D105      		cpc r29,__zero_reg__
 527 0242 01F4      		brne .+2
 528 0244 00C0      		rjmp .L55
  64:quantum/keymap_common.c ****             break;
 529               		.loc 1 64 0 discriminator 43
 530 0246 CA3B      		cpi r28,-70
 531 0248 D105      		cpc r29,__zero_reg__
 532 024a 01F4      		brne .+2
 533 024c 00C0      		rjmp .L56
 534               	.LVL46:
  64:quantum/keymap_common.c ****             break;
 535               		.loc 1 64 0
 536 024e C0E0      		ldi r28,0
 537 0250 D4E4      		ldi r29,lo8(68)
 538 0252 00C0      		rjmp .L10
 539               	.LVL47:
 540               	.L67:
  80:quantum/keymap_common.c ****             break;
 541               		.loc 1 80 0 is_stmt 1
 542 0254 0E94 0000 		call keymap_function_id_to_action
 543               	.LVL48:
 544 0258 EC01      		movw r28,r24
 545               	.LVL49:
  81:quantum/keymap_common.c ****         case QK_MACRO ... QK_MACRO_MAX:
 546               		.loc 1 81 0
 547 025a 00C0      		rjmp .L10
 548               	.LVL50:
 549               	.L62:
 550 025c CE01      		movw r24,r28
 551 025e 9927      		clr r25
  83:quantum/keymap_common.c ****                 action.code = ACTION_MACRO_TAP(keycode & 0xFF);
 552               		.loc 1 83 0
 553 0260 D3FF      		sbrs r29,3
 554 0262 00C0      		rjmp .L31
 555               	.LVL51:
  84:quantum/keymap_common.c ****             else
 556               		.loc 1 84 0
 557 0264 EC01      		movw r28,r24
 558 0266 D86C      		ori r29,200
 559               	.LVL52:
 560 0268 00C0      		rjmp .L10
 561               	.LVL53:
 562               	.L31:
  86:quantum/keymap_common.c ****             break;
 563               		.loc 1 86 0
 564 026a EC01      		movw r28,r24
 565 026c D06C      		ori r29,192
 566               	.LVL54:
 567 026e 00C0      		rjmp .L10
 568               	.LVL55:
 569               	.L8:
  89:quantum/keymap_common.c ****             break;
 570               		.loc 1 89 0
 571 0270 DF70      		andi r29,15
 572               	.LVL56:
 573 0272 D06A      		ori r29,160
 574               	.LVL57:
  90:quantum/keymap_common.c ****         case QK_TO ... QK_TO_MAX: ;
 575               		.loc 1 90 0
 576 0274 00C0      		rjmp .L10
 577               	.LVL58:
 578               	.L69:
 100:quantum/keymap_common.c ****             break;
 579               		.loc 1 100 0
 580 0276 DC2F      		mov r29,r28
 581 0278 CC27      		clr r28
 582               	.LVL59:
 583 027a C16F      		ori r28,241
 584 027c D06A      		ori r29,160
 585               	.LVL60:
 101:quantum/keymap_common.c ****         case QK_DEF_LAYER ... QK_DEF_LAYER_MAX: ;
 586               		.loc 1 101 0
 587 027e 00C0      		rjmp .L10
 588               	.LVL61:
 589               	.L64:
 110:quantum/keymap_common.c ****             break;
 590               		.loc 1 110 0
 591 0280 C1E0      		ldi r28,lo8(1)
 592 0282 D0E0      		ldi r29,0
 593               	.LVL62:
 594 0284 00C0      		rjmp 2f
 595               		1:
 596 0286 CC0F      		lsl r28
 597 0288 DD1F      		rol r29
 598               		2:
 599 028a 2A95      		dec r18
 600 028c 02F4      		brpl 1b
 601 028e 20E2      		ldi r18,lo8(32)
 602 0290 829F      		mul r24,r18
 603 0292 C001      		movw r24,r0
 604 0294 1124      		clr __zero_reg__
 605 0296 C82B      		or r28,r24
 606 0298 D92B      		or r29,r25
 607               	.LVL63:
 608 029a DA68      		ori r29,138
 609               	.LVL64:
 111:quantum/keymap_common.c ****         case QK_ONE_SHOT_LAYER ... QK_ONE_SHOT_LAYER_MAX: ;
 610               		.loc 1 111 0
 611 029c 00C0      		rjmp .L10
 612               	.LVL65:
 613               	.L20:
 115:quantum/keymap_common.c ****             break;
 614               		.loc 1 115 0
 615 029e DC2F      		mov r29,r28
 616 02a0 CC27      		clr r28
 617               	.LVL66:
 618 02a2 C46F      		ori r28,244
 619 02a4 D06A      		ori r29,160
 620               	.LVL67:
 116:quantum/keymap_common.c ****         case QK_ONE_SHOT_MOD ... QK_ONE_SHOT_MOD_MAX: ;
 621               		.loc 1 116 0
 622 02a6 00C0      		rjmp .L10
 623               	.LVL68:
 624               	.L27:
 123:quantum/keymap_common.c ****             break;
 625               		.loc 1 123 0
 626 02a8 DC2F      		mov r29,r28
 627 02aa CC27      		clr r28
 628               	.LVL69:
 629 02ac C06F      		ori r28,240
 630 02ae D06A      		ori r29,160
 631               	.LVL70:
 124:quantum/keymap_common.c ****         case QK_LAYER_MOD ... QK_LAYER_MOD_MAX:
 632               		.loc 1 124 0
 633 02b0 00C0      		rjmp .L10
 634               	.LVL71:
 635               	.L29:
 126:quantum/keymap_common.c ****             action_layer = (keycode >> 4) & 0xF;
 636               		.loc 1 126 0
 637 02b2 8C2F      		mov r24,r28
 638               	.LVL72:
 639 02b4 8F70      		andi r24,lo8(15)
 640 02b6 0E94 0000 		call mod_config
 641               	.LVL73:
 128:quantum/keymap_common.c ****             break;
 642               		.loc 1 128 0
 643 02ba 94E0      		ldi r25,4
 644               		1:
 645 02bc D695      		lsr r29
 646 02be C795      		ror r28
 647 02c0 9A95      		dec r25
 648 02c2 01F4      		brne 1b
 649               	.LVL74:
 650 02c4 CF70      		andi r28,lo8(15)
 651 02c6 D0E0      		ldi r29,0
 652 02c8 DC2F      		mov r29,r28
 653 02ca CC27      		clr r28
 654 02cc D06A      		ori r29,160
 655 02ce 8F70      		andi r24,lo8(15)
 656               	.LVL75:
 657 02d0 806E      		ori r24,lo8(-32)
 658               	.LVL76:
 659 02d2 C82B      		or r28,r24
 660               	.LVL77:
 129:quantum/keymap_common.c ****         case QK_MOD_TAP ... QK_MOD_TAP_MAX:
 661               		.loc 1 129 0
 662 02d4 00C0      		rjmp .L10
 663               	.LVL78:
 664               	.L6:
 161:quantum/keymap_common.c ****             break;
 665               		.loc 1 161 0
 666 02d6 C0E0      		ldi r28,0
 667 02d8 D0E0      		ldi r29,0
 162:quantum/keymap_common.c ****     }
 668               		.loc 1 162 0
 669 02da 00C0      		rjmp .L10
 670               	.LVL79:
 671               	.L32:
  61:quantum/keymap_common.c ****             break;
 672               		.loc 1 61 0
 673 02dc C1E8      		ldi r28,lo8(-127)
 674 02de D0E4      		ldi r29,lo8(64)
 675 02e0 00C0      		rjmp .L10
 676               	.LVL80:
 677               	.L33:
 678 02e2 C3E8      		ldi r28,lo8(-125)
 679 02e4 D0E4      		ldi r29,lo8(64)
 680 02e6 00C0      		rjmp .L10
 681               	.LVL81:
 682               	.L34:
  64:quantum/keymap_common.c ****             break;
 683               		.loc 1 64 0
 684 02e8 C2EE      		ldi r28,lo8(-30)
 685 02ea D4E4      		ldi r29,lo8(68)
 686 02ec 00C0      		rjmp .L10
 687               	.LVL82:
 688               	.L35:
 689 02ee C9EE      		ldi r28,lo8(-23)
 690 02f0 D4E4      		ldi r29,lo8(68)
 691 02f2 00C0      		rjmp .L10
 692               	.LVL83:
 693               	.L36:
 694 02f4 CAEE      		ldi r28,lo8(-22)
 695 02f6 D4E4      		ldi r29,lo8(68)
 696 02f8 00C0      		rjmp .L10
 697               	.LVL84:
 698               	.L37:
 699 02fa C5EB      		ldi r28,lo8(-75)
 700 02fc D4E4      		ldi r29,lo8(68)
 701 02fe 00C0      		rjmp .L10
 702               	.LVL85:
 703               	.L38:
 704 0300 C6EB      		ldi r28,lo8(-74)
 705 0302 D4E4      		ldi r29,lo8(68)
 706 0304 00C0      		rjmp .L10
 707               	.LVL86:
 708               	.L39:
 709 0306 C3EB      		ldi r28,lo8(-77)
 710 0308 D4E4      		ldi r29,lo8(68)
 711 030a 00C0      		rjmp .L10
 712               	.LVL87:
 713               	.L40:
 714 030c C4EB      		ldi r28,lo8(-76)
 715 030e D4E4      		ldi r29,lo8(68)
 716 0310 00C0      		rjmp .L10
 717               	.LVL88:
 718               	.L41:
 719 0312 C7EB      		ldi r28,lo8(-73)
 720 0314 D4E4      		ldi r29,lo8(68)
 721 0316 00C0      		rjmp .L10
 722               	.LVL89:
 723               	.L42:
 724 0318 CCEC      		ldi r28,lo8(-52)
 725 031a D4E4      		ldi r29,lo8(68)
 726 031c 00C0      		rjmp .L10
 727               	.LVL90:
 728               	.L43:
 729 031e CDEC      		ldi r28,lo8(-51)
 730 0320 D4E4      		ldi r29,lo8(68)
 731 0322 00C0      		rjmp .L10
 732               	.LVL91:
 733               	.L44:
 734 0324 C3E8      		ldi r28,lo8(-125)
 735 0326 D5E4      		ldi r29,lo8(69)
 736 0328 00C0      		rjmp .L10
 737               	.LVL92:
 738               	.L45:
 739 032a CAE8      		ldi r28,lo8(-118)
 740 032c D5E4      		ldi r29,lo8(69)
 741 032e 00C0      		rjmp .L10
 742               	.LVL93:
 743               	.L46:
 744 0330 C2E9      		ldi r28,lo8(-110)
 745 0332 D5E4      		ldi r29,lo8(69)
 746 0334 00C0      		rjmp .L10
 747               	.LVL94:
 748               	.L47:
 749 0336 C4E9      		ldi r28,lo8(-108)
 750 0338 D5E4      		ldi r29,lo8(69)
 751 033a 00C0      		rjmp .L10
 752               	.LVL95:
 753               	.L48:
 754 033c C1E2      		ldi r28,lo8(33)
 755 033e D6E4      		ldi r29,lo8(70)
 756 0340 00C0      		rjmp .L10
 757               	.LVL96:
 758               	.L49:
 759 0342 C3E2      		ldi r28,lo8(35)
 760 0344 D6E4      		ldi r29,lo8(70)
 761 0346 00C0      		rjmp .L10
 762               	.LVL97:
 763               	.L50:
 764 0348 C4E2      		ldi r28,lo8(36)
 765 034a D6E4      		ldi r29,lo8(70)
 766 034c 00C0      		rjmp .L10
 767               	.LVL98:
 768               	.L51:
 769 034e C5E2      		ldi r28,lo8(37)
 770 0350 D6E4      		ldi r29,lo8(70)
 771 0352 00C0      		rjmp .L10
 772               	.LVL99:
 773               	.L52:
 774 0354 C6E2      		ldi r28,lo8(38)
 775 0356 D6E4      		ldi r29,lo8(70)
 776 0358 00C0      		rjmp .L10
 777               	.LVL100:
 778               	.L53:
 779 035a C7E2      		ldi r28,lo8(39)
 780 035c D6E4      		ldi r29,lo8(70)
 781 035e 00C0      		rjmp .L10
 782               	.LVL101:
 783               	.L54:
 784 0360 CFE6      		ldi r28,lo8(111)
 785 0362 D4E4      		ldi r29,lo8(68)
 786 0364 00C0      		rjmp .L10
 787               	.LVL102:
 788               	.L55:
 789 0366 C0E7      		ldi r28,lo8(112)
 790 0368 D4E4      		ldi r29,lo8(68)
 791 036a 00C0      		rjmp .L10
 792               	.LVL103:
 793               	.L56:
 794 036c CAE2      		ldi r28,lo8(42)
 795 036e D6E4      		ldi r29,lo8(70)
 796               	.LVL104:
 797               	.L10:
 165:quantum/keymap_common.c **** 
 798               		.loc 1 165 0
 799 0370 CE01      		movw r24,r28
 800               	/* epilogue start */
 801 0372 DF91      		pop r29
 802 0374 CF91      		pop r28
 803 0376 0895      		ret
 804               		.cfi_endproc
 805               	.LFE111:
 807               		.weak	fn_actions
 808               		.section	.progmem.data.fn_actions,"a",@progbits
 811               	fn_actions:
 812               		.text
 813               	.Letext0:
 814               		.file 2 "c:\\msys64_2\\home\\egypt2\\qmk_utils\\avr8-gnu-toolchain\\avr\\include\\stdint.h"
 815               		.file 3 "tmk_core/common/keyboard.h"
 816               		.file 4 "tmk_core/common/keycode.h"
 817               		.file 5 "tmk_core/common/action_code.h"
 818               		.file 6 "tmk_core/common/action_macro.h"
 819               		.file 7 "tmk_core/common/action.h"
 820               		.file 8 "tmk_core/common/report.h"
 821               		.file 9 "quantum/quantum_keycodes.h"
 822               		.file 10 "lib/lufa/LUFA/Drivers/USB/Core/USBTask.h"
 823               		.file 11 "quantum/keymap.h"
 824               		.file 12 "tmk_core/common/action_util.h"
 825               		.file 13 "quantum/keycode_config.h"
DEFINED SYMBOLS
                            *ABS*:00000000 keymap_common.c
C:\msys64_2\tmp\ccb1c7n2.s:2      *ABS*:0000003e __SP_H__
C:\msys64_2\tmp\ccb1c7n2.s:3      *ABS*:0000003d __SP_L__
C:\msys64_2\tmp\ccb1c7n2.s:4      *ABS*:0000003f __SREG__
C:\msys64_2\tmp\ccb1c7n2.s:5      *ABS*:00000000 __tmp_reg__
C:\msys64_2\tmp\ccb1c7n2.s:6      *ABS*:00000001 __zero_reg__
C:\msys64_2\tmp\ccb1c7n2.s:13     .text.action_get_macro:00000000 action_get_macro
C:\msys64_2\tmp\ccb1c7n2.s:34     .text.action_function:00000000 action_function
C:\msys64_2\tmp\ccb1c7n2.s:50     .text.keymap_key_to_keycode:00000000 keymap_key_to_keycode
C:\msys64_2\tmp\ccb1c7n2.s:96     .text.keymap_function_id_to_action:00000000 keymap_function_id_to_action
C:\msys64_2\tmp\ccb1c7n2.s:811    .progmem.data.fn_actions:00000000 fn_actions
C:\msys64_2\tmp\ccb1c7n2.s:131    .text.action_for_key:00000000 action_for_key

UNDEFINED SYMBOLS
keymaps
keycode_config
mod_config
