   1               		.file	"keymap.c"
   2               	__SP_H__ = 0x3e
   3               	__SP_L__ = 0x3d
   4               	__SREG__ = 0x3f
   5               	__tmp_reg__ = 0
   6               	__zero_reg__ = 1
   7               		.text
   8               	.Ltext0:
   9               		.cfi_sections	.debug_frame
  10               		.section	.text.action_get_macro,"ax",@progbits
  11               	.global	action_get_macro
  13               	action_get_macro:
  14               	.LFB18:
  15               		.file 1 "keyboards/katana60/keymaps/rominronin/keymap.c"
   1:keyboards/katana60/keymaps/rominronin/keymap.c **** /* Copyright 2017 Baris Tosun
   2:keyboards/katana60/keymaps/rominronin/keymap.c ****  *
   3:keyboards/katana60/keymaps/rominronin/keymap.c ****  * This program is free software: you can redistribute it and/or modify
   4:keyboards/katana60/keymaps/rominronin/keymap.c ****  * it under the terms of the GNU General Public License as published by
   5:keyboards/katana60/keymaps/rominronin/keymap.c ****  * the Free Software Foundation, either version 2 of the License, or
   6:keyboards/katana60/keymaps/rominronin/keymap.c ****  * (at your option) any later version.
   7:keyboards/katana60/keymaps/rominronin/keymap.c ****  *
   8:keyboards/katana60/keymaps/rominronin/keymap.c ****  * This program is distributed in the hope that it will be useful,
   9:keyboards/katana60/keymaps/rominronin/keymap.c ****  * but WITHOUT ANY WARRANTY; without even the implied warranty of
  10:keyboards/katana60/keymaps/rominronin/keymap.c ****  * MERCHANTABILITY or FITNESS FOR A PARTICULAR PURPOSE.  See the
  11:keyboards/katana60/keymaps/rominronin/keymap.c ****  * GNU General Public License for more details.
  12:keyboards/katana60/keymaps/rominronin/keymap.c ****  *
  13:keyboards/katana60/keymaps/rominronin/keymap.c ****  * You should have received a copy of the GNU General Public License
  14:keyboards/katana60/keymaps/rominronin/keymap.c ****  * along with this program.  If not, see <http://www.gnu.org/licenses/>.
  15:keyboards/katana60/keymaps/rominronin/keymap.c ****  */
  16:keyboards/katana60/keymaps/rominronin/keymap.c **** #include QMK_KEYBOARD_H
  17:keyboards/katana60/keymaps/rominronin/keymap.c **** 
  18:keyboards/katana60/keymaps/rominronin/keymap.c **** // MacOS based definitions.
  19:keyboards/katana60/keymaps/rominronin/keymap.c **** #define K_SPCFN LT(SYMB, KC_SPACE) // Tap for space, hold for symbols layer
  20:keyboards/katana60/keymaps/rominronin/keymap.c **** #define K_PRVWD LALT(KC_LEFT)      // Previous word
  21:keyboards/katana60/keymaps/rominronin/keymap.c **** #define K_NXTWD LALT(KC_RIGHT)     // Next word
  22:keyboards/katana60/keymaps/rominronin/keymap.c **** #define K_LSTRT LGUI(KC_LEFT)      // Start of line
  23:keyboards/katana60/keymaps/rominronin/keymap.c **** #define K_LEND  LGUI(KC_RIGHT)     // End of line
  24:keyboards/katana60/keymaps/rominronin/keymap.c **** #define UNDO    LGUI(KC_Z)         // UNDO
  25:keyboards/katana60/keymaps/rominronin/keymap.c **** #define CUT     LGUI(KC_X)         // CUT
  26:keyboards/katana60/keymaps/rominronin/keymap.c **** #define COPY    LGUI(KC_C)         // COPY
  27:keyboards/katana60/keymaps/rominronin/keymap.c **** #define PASTE   LGUI(KC_V)         // PASTE
  28:keyboards/katana60/keymaps/rominronin/keymap.c **** 
  29:keyboards/katana60/keymaps/rominronin/keymap.c **** 
  30:keyboards/katana60/keymaps/rominronin/keymap.c **** #define BASE 0 // Default
  31:keyboards/katana60/keymaps/rominronin/keymap.c **** #define NUMB 1 // Numbers
  32:keyboards/katana60/keymaps/rominronin/keymap.c **** #define SYMB 2 // Symbols
  33:keyboards/katana60/keymaps/rominronin/keymap.c **** #define CURS 3 // Text Editing
  34:keyboards/katana60/keymaps/rominronin/keymap.c **** 
  35:keyboards/katana60/keymaps/rominronin/keymap.c **** const uint16_t PROGMEM keymaps[][MATRIX_ROWS][MATRIX_COLS] = {
  36:keyboards/katana60/keymaps/rominronin/keymap.c **** [BASE] = LAYOUT( /* Base */
  37:keyboards/katana60/keymaps/rominronin/keymap.c ****   KC_ESC,  KC_GRV,  KC_1,    KC_2,    KC_3,    KC_4,    KC_5,    DF(1),   KC_6,    KC_7,    KC_8,  
  38:keyboards/katana60/keymaps/rominronin/keymap.c ****   KC_TAB,  KC_Q,    KC_W,    KC_F,    KC_P,    KC_B,    KC_LBRC,          KC_RBRC, KC_J,    KC_L,  
  39:keyboards/katana60/keymaps/rominronin/keymap.c ****   MO(3),   KC_A,    KC_R,    KC_S,    KC_T,    KC_G,    KC_HOME,          KC_PGUP, KC_M,    KC_N,  
  40:keyboards/katana60/keymaps/rominronin/keymap.c ****   KC_LSFT, KC_Z,    KC_X,    KC_C,    KC_D,    KC_V,    KC_END,  KC_DEL,  KC_PGDN, KC_K,    KC_H,  
  41:keyboards/katana60/keymaps/rominronin/keymap.c ****   MO(2),   KC_LCTL, KC_LALT, KC_LGUI,                   KC_BSPC, KC_ENT,  K_SPCFN,          KC_LEFT
  42:keyboards/katana60/keymaps/rominronin/keymap.c ****     ),
  43:keyboards/katana60/keymaps/rominronin/keymap.c **** [NUMB] = LAYOUT(
  44:keyboards/katana60/keymaps/rominronin/keymap.c ****   _______, _______, _______, _______, _______, _______, _______, DF(0),   KC_PSLS, KC_PAST, KC_PMNS
  45:keyboards/katana60/keymaps/rominronin/keymap.c ****   _______, _______, _______, KC_MS_U, _______, _______, _______,          KC_7,    KC_8,    KC_9,  
  46:keyboards/katana60/keymaps/rominronin/keymap.c ****   _______, KC_BTN2, KC_MS_L, KC_MS_D, KC_MS_R, _______, _______,          KC_4,    KC_5,    KC_6,  
  47:keyboards/katana60/keymaps/rominronin/keymap.c ****   _______, _______, KC_ACL0, KC_ACL1, KC_ACL2, _______, _______, _______, KC_1,    KC_2,    KC_3,  
  48:keyboards/katana60/keymaps/rominronin/keymap.c ****   _______, _______, _______, _______,                   KC_BTN1, _______, KC_P0,            KC_PDOT
  49:keyboards/katana60/keymaps/rominronin/keymap.c ****     ),
  50:keyboards/katana60/keymaps/rominronin/keymap.c **** [SYMB] = LAYOUT(
  51:keyboards/katana60/keymaps/rominronin/keymap.c ****   RESET,   _______, KC_F1,   KC_F2,   KC_F3,   KC_F4,   KC_F5,   _______, KC_F6,   KC_F7,   KC_F8, 
  52:keyboards/katana60/keymaps/rominronin/keymap.c ****   KC_GRV,  KC_1,    KC_2,    KC_3,    KC_4,    KC_5,    _______,          _______, KC_6,    KC_7,  
  53:keyboards/katana60/keymaps/rominronin/keymap.c ****   _______, KC_EXLM, KC_AT,   KC_HASH, KC_DLR,  KC_PERC, KC_VOLD,          KC_VOLU, KC_CIRC, KC_AMPR
  54:keyboards/katana60/keymaps/rominronin/keymap.c ****   _______, KC_PLUS, KC_MINS, KC_EQL,  KC_LCBR, KC_RCBR, KC_MPRV, KC_MPLY, KC_MNXT, KC_LBRC, KC_RBRC
  55:keyboards/katana60/keymaps/rominronin/keymap.c ****   _______, _______, _______, _______,                   KC_DEL,  _______, _______,          _______
  56:keyboards/katana60/keymaps/rominronin/keymap.c ****     ),
  57:keyboards/katana60/keymaps/rominronin/keymap.c **** [CURS] = LAYOUT(
  58:keyboards/katana60/keymaps/rominronin/keymap.c ****   _______, _______, _______, _______, _______, _______, _______, _______, _______, _______, _______
  59:keyboards/katana60/keymaps/rominronin/keymap.c ****   _______, _______, KC_WH_U, _______, _______, _______, _______,          _______, _______, K_PRVWD
  60:keyboards/katana60/keymaps/rominronin/keymap.c ****   _______, KC_LCTL, KC_WH_D, KC_LSFT, _______, _______, _______,          _______, KC_BSPC, KC_LEFT
  61:keyboards/katana60/keymaps/rominronin/keymap.c ****   _______, UNDO,    CUT,     COPY,    PASTE,   _______, _______, _______, _______, _______, K_LSTRT
  62:keyboards/katana60/keymaps/rominronin/keymap.c ****   _______, _______, _______, _______,                   _______, _______, _______,          _______
  63:keyboards/katana60/keymaps/rominronin/keymap.c ****     )
  64:keyboards/katana60/keymaps/rominronin/keymap.c **** 
  65:keyboards/katana60/keymaps/rominronin/keymap.c **** };
  66:keyboards/katana60/keymaps/rominronin/keymap.c **** 
  67:keyboards/katana60/keymaps/rominronin/keymap.c **** 
  68:keyboards/katana60/keymaps/rominronin/keymap.c **** const uint16_t PROGMEM fn_actions[] = {
  69:keyboards/katana60/keymaps/rominronin/keymap.c ****     [0] = ACTION_LAYER_TAP_KEY(CURS, KC_BSPC),
  70:keyboards/katana60/keymaps/rominronin/keymap.c ****     [1] = ACTION_LAYER_TAP_KEY(SYMB, KC_SPACE),
  71:keyboards/katana60/keymaps/rominronin/keymap.c **** };
  72:keyboards/katana60/keymaps/rominronin/keymap.c **** 
  73:keyboards/katana60/keymaps/rominronin/keymap.c **** const macro_t *action_get_macro(keyrecord_t *record, uint8_t id, uint8_t opt)
  74:keyboards/katana60/keymaps/rominronin/keymap.c **** {
  16               		.loc 1 74 0
  17               		.cfi_startproc
  18               	.LVL0:
  19               	/* prologue: function */
  20               	/* frame size = 0 */
  21               	/* stack size = 0 */
  22               	.L__stack_usage = 0
  75:keyboards/katana60/keymaps/rominronin/keymap.c ****   // MACRODOWN only works in this function
  76:keyboards/katana60/keymaps/rominronin/keymap.c ****       switch(id) {
  23               		.loc 1 76 0
  24 0000 6111      		cpse r22,__zero_reg__
  25 0002 00C0      		rjmp .L2
  77:keyboards/katana60/keymaps/rominronin/keymap.c ****         case 0:
  78:keyboards/katana60/keymaps/rominronin/keymap.c ****           if (record->event.pressed) {
  26               		.loc 1 78 0
  27 0004 FC01      		movw r30,r24
  28 0006 8281      		ldd r24,Z+2
  29               	.LVL1:
  30 0008 8823      		tst r24
  31 000a 01F0      		breq .L4
  79:keyboards/katana60/keymaps/rominronin/keymap.c ****             register_code(KC_RSFT);
  32               		.loc 1 79 0
  33 000c 85EE      		ldi r24,lo8(-27)
  34 000e 0E94 0000 		call register_code
  35               	.LVL2:
  36               	.L2:
  80:keyboards/katana60/keymaps/rominronin/keymap.c ****           } else {
  81:keyboards/katana60/keymaps/rominronin/keymap.c ****             unregister_code(KC_RSFT);
  82:keyboards/katana60/keymaps/rominronin/keymap.c ****           }
  83:keyboards/katana60/keymaps/rominronin/keymap.c ****         break;
  84:keyboards/katana60/keymaps/rominronin/keymap.c ****       }
  85:keyboards/katana60/keymaps/rominronin/keymap.c ****     return MACRO_NONE;
  86:keyboards/katana60/keymaps/rominronin/keymap.c **** };
  37               		.loc 1 86 0
  38 0012 90E0      		ldi r25,0
  39 0014 80E0      		ldi r24,0
  40               	/* epilogue start */
  41 0016 0895      		ret
  42               	.LVL3:
  43               	.L4:
  81:keyboards/katana60/keymaps/rominronin/keymap.c ****           }
  44               		.loc 1 81 0
  45 0018 85EE      		ldi r24,lo8(-27)
  46 001a 0E94 0000 		call unregister_code
  47               	.LVL4:
  48 001e 00C0      		rjmp .L2
  49               		.cfi_endproc
  50               	.LFE18:
  52               		.section	.text.matrix_init_user,"ax",@progbits
  53               	.global	matrix_init_user
  55               	matrix_init_user:
  56               	.LFB19:
  87:keyboards/katana60/keymaps/rominronin/keymap.c **** 
  88:keyboards/katana60/keymaps/rominronin/keymap.c **** 
  89:keyboards/katana60/keymaps/rominronin/keymap.c **** void matrix_init_user(void) {
  57               		.loc 1 89 0
  58               		.cfi_startproc
  59               	/* prologue: function */
  60               	/* frame size = 0 */
  61               	/* stack size = 0 */
  62               	.L__stack_usage = 0
  63               	/* epilogue start */
  90:keyboards/katana60/keymaps/rominronin/keymap.c **** 
  91:keyboards/katana60/keymaps/rominronin/keymap.c **** }
  64               		.loc 1 91 0
  65 0000 0895      		ret
  66               		.cfi_endproc
  67               	.LFE19:
  69               		.section	.text.matrix_scan_user,"ax",@progbits
  70               	.global	matrix_scan_user
  72               	matrix_scan_user:
  73               	.LFB24:
  74               		.cfi_startproc
  75               	/* prologue: function */
  76               	/* frame size = 0 */
  77               	/* stack size = 0 */
  78               	.L__stack_usage = 0
  79               	/* epilogue start */
  80 0000 0895      		ret
  81               		.cfi_endproc
  82               	.LFE24:
  84               		.section	.text.process_record_user,"ax",@progbits
  85               	.global	process_record_user
  87               	process_record_user:
  88               	.LFB21:
  92:keyboards/katana60/keymaps/rominronin/keymap.c **** 
  93:keyboards/katana60/keymaps/rominronin/keymap.c **** void matrix_scan_user(void) {
  94:keyboards/katana60/keymaps/rominronin/keymap.c **** 
  95:keyboards/katana60/keymaps/rominronin/keymap.c **** }
  96:keyboards/katana60/keymaps/rominronin/keymap.c **** 
  97:keyboards/katana60/keymaps/rominronin/keymap.c **** bool process_record_user(uint16_t keycode, keyrecord_t *record) {
  89               		.loc 1 97 0
  90               		.cfi_startproc
  91               	.LVL5:
  92               	/* prologue: function */
  93               	/* frame size = 0 */
  94               	/* stack size = 0 */
  95               	.L__stack_usage = 0
  98:keyboards/katana60/keymaps/rominronin/keymap.c ****   return true;
  99:keyboards/katana60/keymaps/rominronin/keymap.c **** }
  96               		.loc 1 99 0
  97 0000 81E0      		ldi r24,lo8(1)
  98               	.LVL6:
  99               	/* epilogue start */
 100 0002 0895      		ret
 101               		.cfi_endproc
 102               	.LFE21:
 104               		.section	.text.led_set_user,"ax",@progbits
 105               	.global	led_set_user
 107               	led_set_user:
 108               	.LFB22:
 100:keyboards/katana60/keymaps/rominronin/keymap.c **** 
 101:keyboards/katana60/keymaps/rominronin/keymap.c **** void led_set_user(uint8_t usb_led) {
 109               		.loc 1 101 0
 110               		.cfi_startproc
 111               	.LVL7:
 112               	/* prologue: function */
 113               	/* frame size = 0 */
 114               	/* stack size = 0 */
 115               	.L__stack_usage = 0
 116               	/* epilogue start */
 102:keyboards/katana60/keymaps/rominronin/keymap.c **** 
 103:keyboards/katana60/keymaps/rominronin/keymap.c **** }
 117               		.loc 1 103 0
 118 0000 0895      		ret
 119               		.cfi_endproc
 120               	.LFE22:
 122               	.global	fn_actions
 123               		.section	.progmem.data.fn_actions,"a",@progbits
 126               	fn_actions:
 127 0000 2AA3      		.word	-23766
 128 0002 2CA2      		.word	-24020
 129               	.global	keymaps
 130               		.section	.progmem.data.keymaps,"a",@progbits
 133               	keymaps:
 134 0000 0251      		.word	20738
 135 0002 E000      		.word	224
 136 0004 E200      		.word	226
 137 0006 E300      		.word	227
 138 0008 2A00      		.word	42
 139 000a 2800      		.word	40
 140 000c 2C42      		.word	16940
 141 000e 0000      		.word	0
 142 0010 0000      		.word	0
 143 0012 5000      		.word	80
 144 0014 5100      		.word	81
 145 0016 5200      		.word	82
 146 0018 4F00      		.word	79
 147 001a 0251      		.word	20738
 148 001c 0000      		.word	0
 149 001e E100      		.word	225
 150 0020 1D00      		.word	29
 151 0022 1B00      		.word	27
 152 0024 0600      		.word	6
 153 0026 0700      		.word	7
 154 0028 1900      		.word	25
 155 002a 4D00      		.word	77
 156 002c 4C00      		.word	76
 157 002e 4E00      		.word	78
 158 0030 0E00      		.word	14
 159 0032 0B00      		.word	11
 160 0034 3600      		.word	54
 161 0036 3700      		.word	55
 162 0038 3800      		.word	56
 163 003a E500      		.word	229
 164 003c 0351      		.word	20739
 165 003e 0400      		.word	4
 166 0040 1500      		.word	21
 167 0042 1600      		.word	22
 168 0044 1700      		.word	23
 169 0046 0A00      		.word	10
 170 0048 4A00      		.word	74
 171 004a 4B00      		.word	75
 172 004c 1000      		.word	16
 173 004e 1100      		.word	17
 174 0050 0800      		.word	8
 175 0052 0C00      		.word	12
 176 0054 1200      		.word	18
 177 0056 2800      		.word	40
 178 0058 0000      		.word	0
 179 005a 2B00      		.word	43
 180 005c 1400      		.word	20
 181 005e 1A00      		.word	26
 182 0060 0900      		.word	9
 183 0062 1300      		.word	19
 184 0064 0500      		.word	5
 185 0066 2F00      		.word	47
 186 0068 3000      		.word	48
 187 006a 0D00      		.word	13
 188 006c 0F00      		.word	15
 189 006e 1800      		.word	24
 190 0070 1C00      		.word	28
 191 0072 3400      		.word	52
 192 0074 2A00      		.word	42
 193 0076 0000      		.word	0
 194 0078 2900      		.word	41
 195 007a 3500      		.word	53
 196 007c 1E00      		.word	30
 197 007e 1F00      		.word	31
 198 0080 2000      		.word	32
 199 0082 2100      		.word	33
 200 0084 2200      		.word	34
 201 0086 0152      		.word	20993
 202 0088 2300      		.word	35
 203 008a 2400      		.word	36
 204 008c 2500      		.word	37
 205 008e 2600      		.word	38
 206 0090 2700      		.word	39
 207 0092 2D00      		.word	45
 208 0094 2E02      		.word	558
 209 0096 0100      		.word	1
 210 0098 0100      		.word	1
 211 009a 0100      		.word	1
 212 009c 0100      		.word	1
 213 009e F400      		.word	244
 214 00a0 0100      		.word	1
 215 00a2 6200      		.word	98
 216 00a4 0000      		.word	0
 217 00a6 0000      		.word	0
 218 00a8 6300      		.word	99
 219 00aa 5800      		.word	88
 220 00ac 0100      		.word	1
 221 00ae 0100      		.word	1
 222 00b0 0100      		.word	1
 223 00b2 0000      		.word	0
 224 00b4 0100      		.word	1
 225 00b6 0100      		.word	1
 226 00b8 FD00      		.word	253
 227 00ba FE00      		.word	254
 228 00bc FF00      		.word	255
 229 00be 0100      		.word	1
 230 00c0 0100      		.word	1
 231 00c2 0100      		.word	1
 232 00c4 1E00      		.word	30
 233 00c6 1F00      		.word	31
 234 00c8 2000      		.word	32
 235 00ca 5800      		.word	88
 236 00cc 0100      		.word	1
 237 00ce 0100      		.word	1
 238 00d0 0100      		.word	1
 239 00d2 0100      		.word	1
 240 00d4 F500      		.word	245
 241 00d6 F200      		.word	242
 242 00d8 F100      		.word	241
 243 00da F300      		.word	243
 244 00dc 0100      		.word	1
 245 00de 0100      		.word	1
 246 00e0 2100      		.word	33
 247 00e2 2200      		.word	34
 248 00e4 2300      		.word	35
 249 00e6 5700      		.word	87
 250 00e8 0100      		.word	1
 251 00ea 0100      		.word	1
 252 00ec 0100      		.word	1
 253 00ee 0000      		.word	0
 254 00f0 0100      		.word	1
 255 00f2 0100      		.word	1
 256 00f4 0100      		.word	1
 257 00f6 F000      		.word	240
 258 00f8 0100      		.word	1
 259 00fa 0100      		.word	1
 260 00fc 0100      		.word	1
 261 00fe 2400      		.word	36
 262 0100 2500      		.word	37
 263 0102 2600      		.word	38
 264 0104 5700      		.word	87
 265 0106 0100      		.word	1
 266 0108 0100      		.word	1
 267 010a 0100      		.word	1
 268 010c 0000      		.word	0
 269 010e 0100      		.word	1
 270 0110 0100      		.word	1
 271 0112 0100      		.word	1
 272 0114 0100      		.word	1
 273 0116 0100      		.word	1
 274 0118 0100      		.word	1
 275 011a 0100      		.word	1
 276 011c 0052      		.word	20992
 277 011e 5400      		.word	84
 278 0120 5500      		.word	85
 279 0122 5600      		.word	86
 280 0124 0100      		.word	1
 281 0126 0100      		.word	1
 282 0128 0100      		.word	1
 283 012a 0100      		.word	1
 284 012c 0100      		.word	1
 285 012e 0100      		.word	1
 286 0130 0100      		.word	1
 287 0132 0100      		.word	1
 288 0134 4C00      		.word	76
 289 0136 0100      		.word	1
 290 0138 0100      		.word	1
 291 013a 0000      		.word	0
 292 013c 0000      		.word	0
 293 013e 0100      		.word	1
 294 0140 0100      		.word	1
 295 0142 0100      		.word	1
 296 0144 0100      		.word	1
 297 0146 0100      		.word	1
 298 0148 0000      		.word	0
 299 014a 0100      		.word	1
 300 014c 2E02      		.word	558
 301 014e 2D00      		.word	45
 302 0150 2E00      		.word	46
 303 0152 2F02      		.word	559
 304 0154 3002      		.word	560
 305 0156 AC00      		.word	172
 306 0158 AE00      		.word	174
 307 015a AB00      		.word	171
 308 015c 2F00      		.word	47
 309 015e 3000      		.word	48
 310 0160 3300      		.word	51
 311 0162 3302      		.word	563
 312 0164 3100      		.word	49
 313 0166 0100      		.word	1
 314 0168 0100      		.word	1
 315 016a 1E02      		.word	542
 316 016c 1F02      		.word	543
 317 016e 2002      		.word	544
 318 0170 2102      		.word	545
 319 0172 2202      		.word	546
 320 0174 AA00      		.word	170
 321 0176 A900      		.word	169
 322 0178 2302      		.word	547
 323 017a 2402      		.word	548
 324 017c 2502      		.word	549
 325 017e 2602      		.word	550
 326 0180 2702      		.word	551
 327 0182 0100      		.word	1
 328 0184 0000      		.word	0
 329 0186 3500      		.word	53
 330 0188 1E00      		.word	30
 331 018a 1F00      		.word	31
 332 018c 2000      		.word	32
 333 018e 2100      		.word	33
 334 0190 2200      		.word	34
 335 0192 0100      		.word	1
 336 0194 0100      		.word	1
 337 0196 2300      		.word	35
 338 0198 2400      		.word	36
 339 019a 2500      		.word	37
 340 019c 2600      		.word	38
 341 019e 2700      		.word	39
 342 01a0 4C00      		.word	76
 343 01a2 0000      		.word	0
 344 01a4 005C      		.word	23552
 345 01a6 0100      		.word	1
 346 01a8 3A00      		.word	58
 347 01aa 3B00      		.word	59
 348 01ac 3C00      		.word	60
 349 01ae 3D00      		.word	61
 350 01b0 3E00      		.word	62
 351 01b2 0100      		.word	1
 352 01b4 3F00      		.word	63
 353 01b6 4000      		.word	64
 354 01b8 4100      		.word	65
 355 01ba 4200      		.word	66
 356 01bc 4300      		.word	67
 357 01be 4400      		.word	68
 358 01c0 4500      		.word	69
 359 01c2 0100      		.word	1
 360 01c4 0100      		.word	1
 361 01c6 0100      		.word	1
 362 01c8 0100      		.word	1
 363 01ca 0100      		.word	1
 364 01cc 0100      		.word	1
 365 01ce 0100      		.word	1
 366 01d0 0000      		.word	0
 367 01d2 0000      		.word	0
 368 01d4 0100      		.word	1
 369 01d6 0100      		.word	1
 370 01d8 0100      		.word	1
 371 01da 0100      		.word	1
 372 01dc 0100      		.word	1
 373 01de 0000      		.word	0
 374 01e0 0100      		.word	1
 375 01e2 1D08      		.word	2077
 376 01e4 1B08      		.word	2075
 377 01e6 0608      		.word	2054
 378 01e8 1908      		.word	2073
 379 01ea 0100      		.word	1
 380 01ec 0100      		.word	1
 381 01ee 0100      		.word	1
 382 01f0 0100      		.word	1
 383 01f2 0100      		.word	1
 384 01f4 5008      		.word	2128
 385 01f6 0100      		.word	1
 386 01f8 4F08      		.word	2127
 387 01fa 0100      		.word	1
 388 01fc 0100      		.word	1
 389 01fe 0100      		.word	1
 390 0200 E000      		.word	224
 391 0202 FA00      		.word	250
 392 0204 E100      		.word	225
 393 0206 0100      		.word	1
 394 0208 0100      		.word	1
 395 020a 0100      		.word	1
 396 020c 0100      		.word	1
 397 020e 2A00      		.word	42
 398 0210 5000      		.word	80
 399 0212 5100      		.word	81
 400 0214 4F00      		.word	79
 401 0216 4C00      		.word	76
 402 0218 0100      		.word	1
 403 021a 0000      		.word	0
 404 021c 0100      		.word	1
 405 021e 0100      		.word	1
 406 0220 F900      		.word	249
 407 0222 0100      		.word	1
 408 0224 0100      		.word	1
 409 0226 0100      		.word	1
 410 0228 0100      		.word	1
 411 022a 0100      		.word	1
 412 022c 0100      		.word	1
 413 022e 5004      		.word	1104
 414 0230 5200      		.word	82
 415 0232 4F04      		.word	1103
 416 0234 0100      		.word	1
 417 0236 0100      		.word	1
 418 0238 0000      		.word	0
 419 023a 0100      		.word	1
 420 023c 0100      		.word	1
 421 023e 0100      		.word	1
 422 0240 0100      		.word	1
 423 0242 0100      		.word	1
 424 0244 0100      		.word	1
 425 0246 0100      		.word	1
 426 0248 0100      		.word	1
 427 024a 0100      		.word	1
 428 024c 0100      		.word	1
 429 024e 0100      		.word	1
 430 0250 0100      		.word	1
 431 0252 0100      		.word	1
 432 0254 0100      		.word	1
 433 0256 0100      		.word	1
 434               		.text
 435               	.Letext0:
 436               		.file 2 "/usr/local/Cellar/avr-gcc/7.2.0/avr/include/stdint.h"
 437               		.file 3 "/usr/local/Cellar/avr-gcc/7.2.0/lib/avr-gcc/7/gcc/avr/7.2.0/include/stddef.h"
 438               		.file 4 "tmk_core/common/keyboard.h"
 439               		.file 5 "tmk_core/common/keycode.h"
 440               		.file 6 "tmk_core/common/action_code.h"
 441               		.file 7 "tmk_core/common/action_macro.h"
 442               		.file 8 "tmk_core/common/action.h"
 443               		.file 9 "tmk_core/common/report.h"
 444               		.file 10 "tmk_core/common/host.h"
 445               		.file 11 "tmk_core/common/avr/xprintf.h"
 446               		.file 12 "tmk_core/common/debug.h"
 447               		.file 13 "quantum/keycode_config.h"
 448               		.file 14 "quantum/quantum_keycodes.h"
 449               		.file 15 "quantum/keymap.h"
 450               		.file 16 "tmk_core/common/action_layer.h"
 451               		.file 17 "tmk_core/common/timer.h"
 452               		.file 18 "tmk_core/common/action_util.h"
 453               		.file 19 "/usr/local/Cellar/avr-gcc/7.2.0/avr/include/stdlib.h"
 454               		.file 20 "quantum/quantum.h"
DEFINED SYMBOLS
                            *ABS*:0000000000000000 keymap.c
/var/folders/3r/yll9b16919931vhbnddhf4vc0000gp/T//ccfXRXWF.s:2      *ABS*:000000000000003e __SP_H__
/var/folders/3r/yll9b16919931vhbnddhf4vc0000gp/T//ccfXRXWF.s:3      *ABS*:000000000000003d __SP_L__
/var/folders/3r/yll9b16919931vhbnddhf4vc0000gp/T//ccfXRXWF.s:4      *ABS*:000000000000003f __SREG__
/var/folders/3r/yll9b16919931vhbnddhf4vc0000gp/T//ccfXRXWF.s:5      *ABS*:0000000000000000 __tmp_reg__
/var/folders/3r/yll9b16919931vhbnddhf4vc0000gp/T//ccfXRXWF.s:6      *ABS*:0000000000000001 __zero_reg__
/var/folders/3r/yll9b16919931vhbnddhf4vc0000gp/T//ccfXRXWF.s:13     .text.action_get_macro:0000000000000000 action_get_macro
/var/folders/3r/yll9b16919931vhbnddhf4vc0000gp/T//ccfXRXWF.s:55     .text.matrix_init_user:0000000000000000 matrix_init_user
/var/folders/3r/yll9b16919931vhbnddhf4vc0000gp/T//ccfXRXWF.s:72     .text.matrix_scan_user:0000000000000000 matrix_scan_user
/var/folders/3r/yll9b16919931vhbnddhf4vc0000gp/T//ccfXRXWF.s:87     .text.process_record_user:0000000000000000 process_record_user
/var/folders/3r/yll9b16919931vhbnddhf4vc0000gp/T//ccfXRXWF.s:107    .text.led_set_user:0000000000000000 led_set_user
/var/folders/3r/yll9b16919931vhbnddhf4vc0000gp/T//ccfXRXWF.s:126    .progmem.data.fn_actions:0000000000000000 fn_actions
/var/folders/3r/yll9b16919931vhbnddhf4vc0000gp/T//ccfXRXWF.s:133    .progmem.data.keymaps:0000000000000000 keymaps

UNDEFINED SYMBOLS
register_code
unregister_code
