   1               		.file	"Events.c"
   2               	__SP_H__ = 0x3e
   3               	__SP_L__ = 0x3d
   4               	__SREG__ = 0x3f
   5               	__tmp_reg__ = 0
   6               	__zero_reg__ = 1
   7               		.text
   8               	.Ltext0:
   9               		.cfi_sections	.debug_frame
  10               		.section	.text.USB_Event_Stub,"ax",@progbits
  11               	.global	USB_Event_Stub
  13               	USB_Event_Stub:
  14               	.LFB16:
  15               		.file 1 "lib/lufa/LUFA/Drivers/USB/Core/Events.c"
   1:lib/lufa/LUFA/Drivers/USB/Core/Events.c **** /*
   2:lib/lufa/LUFA/Drivers/USB/Core/Events.c ****              LUFA Library
   3:lib/lufa/LUFA/Drivers/USB/Core/Events.c ****      Copyright (C) Dean Camera, 2017.
   4:lib/lufa/LUFA/Drivers/USB/Core/Events.c **** 
   5:lib/lufa/LUFA/Drivers/USB/Core/Events.c ****   dean [at] fourwalledcubicle [dot] com
   6:lib/lufa/LUFA/Drivers/USB/Core/Events.c ****            www.lufa-lib.org
   7:lib/lufa/LUFA/Drivers/USB/Core/Events.c **** */
   8:lib/lufa/LUFA/Drivers/USB/Core/Events.c **** 
   9:lib/lufa/LUFA/Drivers/USB/Core/Events.c **** /*
  10:lib/lufa/LUFA/Drivers/USB/Core/Events.c ****   Copyright 2017  Dean Camera (dean [at] fourwalledcubicle [dot] com)
  11:lib/lufa/LUFA/Drivers/USB/Core/Events.c **** 
  12:lib/lufa/LUFA/Drivers/USB/Core/Events.c ****   Permission to use, copy, modify, distribute, and sell this
  13:lib/lufa/LUFA/Drivers/USB/Core/Events.c ****   software and its documentation for any purpose is hereby granted
  14:lib/lufa/LUFA/Drivers/USB/Core/Events.c ****   without fee, provided that the above copyright notice appear in
  15:lib/lufa/LUFA/Drivers/USB/Core/Events.c ****   all copies and that both that the copyright notice and this
  16:lib/lufa/LUFA/Drivers/USB/Core/Events.c ****   permission notice and warranty disclaimer appear in supporting
  17:lib/lufa/LUFA/Drivers/USB/Core/Events.c ****   documentation, and that the name of the author not be used in
  18:lib/lufa/LUFA/Drivers/USB/Core/Events.c ****   advertising or publicity pertaining to distribution of the
  19:lib/lufa/LUFA/Drivers/USB/Core/Events.c ****   software without specific, written prior permission.
  20:lib/lufa/LUFA/Drivers/USB/Core/Events.c **** 
  21:lib/lufa/LUFA/Drivers/USB/Core/Events.c ****   The author disclaims all warranties with regard to this
  22:lib/lufa/LUFA/Drivers/USB/Core/Events.c ****   software, including all implied warranties of merchantability
  23:lib/lufa/LUFA/Drivers/USB/Core/Events.c ****   and fitness.  In no event shall the author be liable for any
  24:lib/lufa/LUFA/Drivers/USB/Core/Events.c ****   special, indirect or consequential damages or any damages
  25:lib/lufa/LUFA/Drivers/USB/Core/Events.c ****   whatsoever resulting from loss of use, data or profits, whether
  26:lib/lufa/LUFA/Drivers/USB/Core/Events.c ****   in an action of contract, negligence or other tortious action,
  27:lib/lufa/LUFA/Drivers/USB/Core/Events.c ****   arising out of or in connection with the use or performance of
  28:lib/lufa/LUFA/Drivers/USB/Core/Events.c ****   this software.
  29:lib/lufa/LUFA/Drivers/USB/Core/Events.c **** */
  30:lib/lufa/LUFA/Drivers/USB/Core/Events.c **** 
  31:lib/lufa/LUFA/Drivers/USB/Core/Events.c **** #define  __INCLUDE_FROM_EVENTS_C
  32:lib/lufa/LUFA/Drivers/USB/Core/Events.c **** #define  __INCLUDE_FROM_USB_DRIVER
  33:lib/lufa/LUFA/Drivers/USB/Core/Events.c **** #include "Events.h"
  34:lib/lufa/LUFA/Drivers/USB/Core/Events.c **** 
  35:lib/lufa/LUFA/Drivers/USB/Core/Events.c **** void USB_Event_Stub(void)
  36:lib/lufa/LUFA/Drivers/USB/Core/Events.c **** {
  16               		.loc 1 36 0
  17               		.cfi_startproc
  18               	/* prologue: function */
  19               	/* frame size = 0 */
  20               	/* stack size = 0 */
  21               	.L__stack_usage = 0
  22 0000 0895      		ret
  23               		.cfi_endproc
  24               	.LFE16:
  26               		.weak	EVENT_USB_Device_StartOfFrame
  27               		.set	EVENT_USB_Device_StartOfFrame,USB_Event_Stub
  28               		.weak	EVENT_USB_Device_Reset
  29               		.set	EVENT_USB_Device_Reset,USB_Event_Stub
  30               		.weak	EVENT_USB_Device_WakeUp
  31               		.set	EVENT_USB_Device_WakeUp,USB_Event_Stub
  32               		.weak	EVENT_USB_Device_Suspend
  33               		.set	EVENT_USB_Device_Suspend,USB_Event_Stub
  34               		.weak	EVENT_USB_Device_ConfigurationChanged
  35               		.set	EVENT_USB_Device_ConfigurationChanged,USB_Event_Stub
  36               		.weak	EVENT_USB_Device_ControlRequest
  37               		.set	EVENT_USB_Device_ControlRequest,USB_Event_Stub
  38               		.weak	EVENT_USB_Device_Disconnect
  39               		.set	EVENT_USB_Device_Disconnect,USB_Event_Stub
  40               		.weak	EVENT_USB_Device_Connect
  41               		.set	EVENT_USB_Device_Connect,USB_Event_Stub
  42               		.section	.text.USB_Event_Stub_2,"ax",@progbits
  43               	.global	USB_Event_Stub_2
  45               	USB_Event_Stub_2:
  46               	.LFB17:
  37:lib/lufa/LUFA/Drivers/USB/Core/Events.c **** 
  38:lib/lufa/LUFA/Drivers/USB/Core/Events.c **** }
  39:lib/lufa/LUFA/Drivers/USB/Core/Events.c **** 
  40:lib/lufa/LUFA/Drivers/USB/Core/Events.c **** void USB_Event_Stub_2(const uint8_t _1)
  41:lib/lufa/LUFA/Drivers/USB/Core/Events.c **** {
  47               		.loc 1 41 0
  48               		.cfi_startproc
  49               	.LVL0:
  50               	/* prologue: function */
  51               	/* frame size = 0 */
  52               	/* stack size = 0 */
  53               	.L__stack_usage = 0
  54 0000 0895      		ret
  55               		.cfi_endproc
  56               	.LFE17:
  58               		.section	.text.USB_Event_Stub_3,"ax",@progbits
  59               	.global	USB_Event_Stub_3
  61               	USB_Event_Stub_3:
  62               	.LFB18:
  42:lib/lufa/LUFA/Drivers/USB/Core/Events.c **** 	USB_Event_Stub();
  43:lib/lufa/LUFA/Drivers/USB/Core/Events.c **** }
  44:lib/lufa/LUFA/Drivers/USB/Core/Events.c **** 
  45:lib/lufa/LUFA/Drivers/USB/Core/Events.c **** void USB_Event_Stub_3(const uint8_t _1, const uint8_t _2)
  46:lib/lufa/LUFA/Drivers/USB/Core/Events.c **** {
  63               		.loc 1 46 0
  64               		.cfi_startproc
  65               	.LVL1:
  66               	/* prologue: function */
  67               	/* frame size = 0 */
  68               	/* stack size = 0 */
  69               	.L__stack_usage = 0
  70 0000 0895      		ret
  71               		.cfi_endproc
  72               	.LFE18:
  74               		.text
  75               	.Letext0:
  76               		.file 2 "d:\\program files\\msys2\\home\\bnguy\\qmk_utils\\avr8-gnu-toolchain\\avr\\include\\stdin
DEFINED SYMBOLS
                            *ABS*:00000000 Events.c
D:\Program Files\msys2\tmp\ccxcZEaw.s:2      *ABS*:0000003e __SP_H__
D:\Program Files\msys2\tmp\ccxcZEaw.s:3      *ABS*:0000003d __SP_L__
D:\Program Files\msys2\tmp\ccxcZEaw.s:4      *ABS*:0000003f __SREG__
D:\Program Files\msys2\tmp\ccxcZEaw.s:5      *ABS*:00000000 __tmp_reg__
D:\Program Files\msys2\tmp\ccxcZEaw.s:6      *ABS*:00000001 __zero_reg__
D:\Program Files\msys2\tmp\ccxcZEaw.s:13     .text.USB_Event_Stub:00000000 USB_Event_Stub
D:\Program Files\msys2\tmp\ccxcZEaw.s:13     .text.USB_Event_Stub:00000000 EVENT_USB_Device_StartOfFrame
D:\Program Files\msys2\tmp\ccxcZEaw.s:13     .text.USB_Event_Stub:00000000 EVENT_USB_Device_Reset
D:\Program Files\msys2\tmp\ccxcZEaw.s:13     .text.USB_Event_Stub:00000000 EVENT_USB_Device_WakeUp
D:\Program Files\msys2\tmp\ccxcZEaw.s:13     .text.USB_Event_Stub:00000000 EVENT_USB_Device_Suspend
D:\Program Files\msys2\tmp\ccxcZEaw.s:13     .text.USB_Event_Stub:00000000 EVENT_USB_Device_ConfigurationChanged
D:\Program Files\msys2\tmp\ccxcZEaw.s:13     .text.USB_Event_Stub:00000000 EVENT_USB_Device_ControlRequest
D:\Program Files\msys2\tmp\ccxcZEaw.s:13     .text.USB_Event_Stub:00000000 EVENT_USB_Device_Disconnect
D:\Program Files\msys2\tmp\ccxcZEaw.s:13     .text.USB_Event_Stub:00000000 EVENT_USB_Device_Connect
D:\Program Files\msys2\tmp\ccxcZEaw.s:45     .text.USB_Event_Stub_2:00000000 USB_Event_Stub_2
D:\Program Files\msys2\tmp\ccxcZEaw.s:61     .text.USB_Event_Stub_3:00000000 USB_Event_Stub_3

NO UNDEFINED SYMBOLS
