   1               		.file	"interrupt_setting.c"
   2               	__SP_H__ = 0x3e
   3               	__SP_L__ = 0x3d
   4               	__SREG__ = 0x3f
   5               	__tmp_reg__ = 0
   6               	__zero_reg__ = 1
   7               		.text
   8               	.Ltext0:
   9               		.cfi_sections	.debug_frame
  10               		.section	.text.store_and_clear_interrupt,"ax",@progbits
  11               	.global	store_and_clear_interrupt
  13               	store_and_clear_interrupt:
  14               	.LFB0:
  15               		.file 1 "tmk_core/protocol/midi/bytequeue/interrupt_setting.c"
   1:tmk_core/protocol/midi/bytequeue/interrupt_setting.c **** //Copyright 20010 Alex Norman
   2:tmk_core/protocol/midi/bytequeue/interrupt_setting.c **** //writen by Alex Norman
   3:tmk_core/protocol/midi/bytequeue/interrupt_setting.c **** //
   4:tmk_core/protocol/midi/bytequeue/interrupt_setting.c **** //This file is part of avr-bytequeue.
   5:tmk_core/protocol/midi/bytequeue/interrupt_setting.c **** //
   6:tmk_core/protocol/midi/bytequeue/interrupt_setting.c **** //avr-bytequeue is free software: you can redistribute it and/or modify
   7:tmk_core/protocol/midi/bytequeue/interrupt_setting.c **** //it under the terms of the GNU General Public License as published by
   8:tmk_core/protocol/midi/bytequeue/interrupt_setting.c **** //the Free Software Foundation, either version 3 of the License, or
   9:tmk_core/protocol/midi/bytequeue/interrupt_setting.c **** //(at your option) any later version.
  10:tmk_core/protocol/midi/bytequeue/interrupt_setting.c **** //
  11:tmk_core/protocol/midi/bytequeue/interrupt_setting.c **** //avr-bytequeue is distributed in the hope that it will be useful,
  12:tmk_core/protocol/midi/bytequeue/interrupt_setting.c **** //but WITHOUT ANY WARRANTY; without even the implied warranty of
  13:tmk_core/protocol/midi/bytequeue/interrupt_setting.c **** //MERCHANTABILITY or FITNESS FOR A PARTICULAR PURPOSE.  See the
  14:tmk_core/protocol/midi/bytequeue/interrupt_setting.c **** //GNU General Public License for more details.
  15:tmk_core/protocol/midi/bytequeue/interrupt_setting.c **** //
  16:tmk_core/protocol/midi/bytequeue/interrupt_setting.c **** //You should have received a copy of the GNU General Public License
  17:tmk_core/protocol/midi/bytequeue/interrupt_setting.c **** //along with avr-bytequeue.  If not, see <http://www.gnu.org/licenses/>.
  18:tmk_core/protocol/midi/bytequeue/interrupt_setting.c **** 
  19:tmk_core/protocol/midi/bytequeue/interrupt_setting.c **** 
  20:tmk_core/protocol/midi/bytequeue/interrupt_setting.c **** //AVR specific code
  21:tmk_core/protocol/midi/bytequeue/interrupt_setting.c **** //should be able to port to other systems by simply providing chip specific
  22:tmk_core/protocol/midi/bytequeue/interrupt_setting.c **** //implementations of the typedef and these functions
  23:tmk_core/protocol/midi/bytequeue/interrupt_setting.c **** 
  24:tmk_core/protocol/midi/bytequeue/interrupt_setting.c **** #include "interrupt_setting.h"
  25:tmk_core/protocol/midi/bytequeue/interrupt_setting.c **** #if defined(__AVR__)
  26:tmk_core/protocol/midi/bytequeue/interrupt_setting.c **** #include <avr/interrupt.h>
  27:tmk_core/protocol/midi/bytequeue/interrupt_setting.c **** 
  28:tmk_core/protocol/midi/bytequeue/interrupt_setting.c **** interrupt_setting_t store_and_clear_interrupt(void) {
  16               		.loc 1 28 0
  17               		.cfi_startproc
  18               	/* prologue: function */
  19               	/* frame size = 0 */
  20               	/* stack size = 0 */
  21               	.L__stack_usage = 0
  29:tmk_core/protocol/midi/bytequeue/interrupt_setting.c ****    uint8_t sreg = SREG;
  22               		.loc 1 29 0
  23 0000 8FB7      		in r24,__SREG__
  24               	.LVL0:
  30:tmk_core/protocol/midi/bytequeue/interrupt_setting.c ****    cli();
  25               		.loc 1 30 0
  26               	/* #APP */
  27               	 ;  30 "tmk_core/protocol/midi/bytequeue/interrupt_setting.c" 1
  28 0002 F894      		cli
  29               	 ;  0 "" 2
  31:tmk_core/protocol/midi/bytequeue/interrupt_setting.c ****    return sreg;
  32:tmk_core/protocol/midi/bytequeue/interrupt_setting.c **** }
  30               		.loc 1 32 0
  31               	/* #NOAPP */
  32 0004 0895      		ret
  33               		.cfi_endproc
  34               	.LFE0:
  36               		.section	.text.restore_interrupt_setting,"ax",@progbits
  37               	.global	restore_interrupt_setting
  39               	restore_interrupt_setting:
  40               	.LFB1:
  33:tmk_core/protocol/midi/bytequeue/interrupt_setting.c **** 
  34:tmk_core/protocol/midi/bytequeue/interrupt_setting.c **** void restore_interrupt_setting(interrupt_setting_t setting) {
  41               		.loc 1 34 0
  42               		.cfi_startproc
  43               	.LVL1:
  44               	/* prologue: function */
  45               	/* frame size = 0 */
  46               	/* stack size = 0 */
  47               	.L__stack_usage = 0
  35:tmk_core/protocol/midi/bytequeue/interrupt_setting.c ****    SREG = setting;
  48               		.loc 1 35 0
  49 0000 8FBF      		out __SREG__,r24
  50 0002 0895      		ret
  51               		.cfi_endproc
  52               	.LFE1:
  54               		.text
  55               	.Letext0:
  56               		.file 2 "c:\\msys64_2\\home\\egypt2\\qmk_utils\\avr8-gnu-toolchain\\avr\\include\\stdint.h"
  57               		.file 3 "tmk_core/protocol/midi/bytequeue/interrupt_setting.h"
DEFINED SYMBOLS
                            *ABS*:00000000 interrupt_setting.c
C:\msys64_2\tmp\cc0PISoY.s:2      *ABS*:0000003e __SP_H__
C:\msys64_2\tmp\cc0PISoY.s:3      *ABS*:0000003d __SP_L__
C:\msys64_2\tmp\cc0PISoY.s:4      *ABS*:0000003f __SREG__
C:\msys64_2\tmp\cc0PISoY.s:5      *ABS*:00000000 __tmp_reg__
C:\msys64_2\tmp\cc0PISoY.s:6      *ABS*:00000001 __zero_reg__
C:\msys64_2\tmp\cc0PISoY.s:13     .text.store_and_clear_interrupt:00000000 store_and_clear_interrupt
C:\msys64_2\tmp\cc0PISoY.s:39     .text.restore_interrupt_setting:00000000 restore_interrupt_setting

NO UNDEFINED SYMBOLS
