   1               		.file	"debug.c"
   2               	__SP_H__ = 0x3e
   3               	__SP_L__ = 0x3d
   4               	__SREG__ = 0x3f
   5               	__tmp_reg__ = 0
   6               	__zero_reg__ = 1
   7               		.text
   8               	.Ltext0:
   9               		.cfi_sections	.debug_frame
  10               	.global	debug_config
  11               		.section	.bss.debug_config,"aw",@nobits
  14               	debug_config:
  15 0000 00        		.zero	1
  16               		.text
  17               	.Letext0:
  18               		.file 1 "tmk_core/common/debug.h"
  19               		.file 2 "d:\\program files\\msys2\\home\\bnguy\\qmk_utils\\avr8-gnu-toolchain\\avr\\include\\stdin
  20               		.file 3 "tmk_core/common/debug.c"
DEFINED SYMBOLS
                            *ABS*:00000000 debug.c
D:\Program Files\msys2\tmp\ccor1tRr.s:2      *ABS*:0000003e __SP_H__
D:\Program Files\msys2\tmp\ccor1tRr.s:3      *ABS*:0000003d __SP_L__
D:\Program Files\msys2\tmp\ccor1tRr.s:4      *ABS*:0000003f __SREG__
D:\Program Files\msys2\tmp\ccor1tRr.s:5      *ABS*:00000000 __tmp_reg__
D:\Program Files\msys2\tmp\ccor1tRr.s:6      *ABS*:00000001 __zero_reg__
D:\Program Files\msys2\tmp\ccor1tRr.s:14     .bss.debug_config:00000000 debug_config

UNDEFINED SYMBOLS
__do_clear_bss
